CRITICAL - 2024-02-06 02:17:35 --> CodeIgniter\View\Exceptions\ViewException: Invalid file: "header.php"
in SYSTEMPATH\Exceptions\FrameworkException.php on line 39.
 1 SYSTEMPATH\View\View.php(216): CodeIgniter\Exceptions\FrameworkException::forInvalidFile('header.php')
 2 SYSTEMPATH\Common.php(1178): CodeIgniter\View\View->render('header', [], true)
 3 APPPATH\Views\login.php(3): view('header')
 4 SYSTEMPATH\View\View.php(228): include('H:\\ACA\\K TO P\\project\\app\\Views\\login.php')
 5 SYSTEMPATH\View\View.php(231): CodeIgniter\View\View->CodeIgniter\View\{closure}()
 6 SYSTEMPATH\Common.php(1178): CodeIgniter\View\View->render('login', [], true)
 7 APPPATH\Controllers\Auth.php(12): view('login')
 8 SYSTEMPATH\CodeIgniter.php(941): App\Controllers\Auth->index()
 9 SYSTEMPATH\CodeIgniter.php(502): CodeIgniter\CodeIgniter->runController(Object(App\Controllers\Auth))
10 SYSTEMPATH\CodeIgniter.php(361): CodeIgniter\CodeIgniter->handleRequest(null, Object(Config\Cache), false)
11 FCPATH\index.php(79): CodeIgniter\CodeIgniter->run()
12 SYSTEMPATH\Commands\Server\rewrite.php(47): require_once('H:\\ACA\\K TO P\\project\\public\\index.php')
CRITICAL - 2024-02-06 02:17:49 --> CodeIgniter\View\Exceptions\ViewException: Invalid file: "templet/header.php"
in SYSTEMPATH\Exceptions\FrameworkException.php on line 39.
 1 SYSTEMPATH\View\View.php(216): CodeIgniter\Exceptions\FrameworkException::forInvalidFile('templet/header.php')
 2 SYSTEMPATH\Common.php(1178): CodeIgniter\View\View->render('templet/header', [], true)
 3 APPPATH\Views\login.php(3): view('templet/header')
 4 SYSTEMPATH\View\View.php(228): include('H:\\ACA\\K TO P\\project\\app\\Views\\login.php')
 5 SYSTEMPATH\View\View.php(231): CodeIgniter\View\View->CodeIgniter\View\{closure}()
 6 SYSTEMPATH\Common.php(1178): CodeIgniter\View\View->render('login', [], true)
 7 APPPATH\Controllers\Auth.php(12): view('login')
 8 SYSTEMPATH\CodeIgniter.php(941): App\Controllers\Auth->index()
 9 SYSTEMPATH\CodeIgniter.php(502): CodeIgniter\CodeIgniter->runController(Object(App\Controllers\Auth))
10 SYSTEMPATH\CodeIgniter.php(361): CodeIgniter\CodeIgniter->handleRequest(null, Object(Config\Cache), false)
11 FCPATH\index.php(79): CodeIgniter\CodeIgniter->run()
12 SYSTEMPATH\Commands\Server\rewrite.php(47): require_once('H:\\ACA\\K TO P\\project\\public\\index.php')
CRITICAL - 2024-02-06 02:17:51 --> CodeIgniter\View\Exceptions\ViewException: Invalid file: "templet/header.php"
in SYSTEMPATH\Exceptions\FrameworkException.php on line 39.
 1 SYSTEMPATH\View\View.php(216): CodeIgniter\Exceptions\FrameworkException::forInvalidFile('templet/header.php')
 2 SYSTEMPATH\Common.php(1178): CodeIgniter\View\View->render('templet/header', [], true)
 3 APPPATH\Views\login.php(3): view('templet/header')
 4 SYSTEMPATH\View\View.php(228): include('H:\\ACA\\K TO P\\project\\app\\Views\\login.php')
 5 SYSTEMPATH\View\View.php(231): CodeIgniter\View\View->CodeIgniter\View\{closure}()
 6 SYSTEMPATH\Common.php(1178): CodeIgniter\View\View->render('login', [], true)
 7 APPPATH\Controllers\Auth.php(12): view('login')
 8 SYSTEMPATH\CodeIgniter.php(941): App\Controllers\Auth->index()
 9 SYSTEMPATH\CodeIgniter.php(502): CodeIgniter\CodeIgniter->runController(Object(App\Controllers\Auth))
10 SYSTEMPATH\CodeIgniter.php(361): CodeIgniter\CodeIgniter->handleRequest(null, Object(Config\Cache), false)
11 FCPATH\index.php(79): CodeIgniter\CodeIgniter->run()
12 SYSTEMPATH\Commands\Server\rewrite.php(47): require_once('H:\\ACA\\K TO P\\project\\public\\index.php')
CRITICAL - 2024-02-06 02:17:51 --> CodeIgniter\View\Exceptions\ViewException: Invalid file: "templet/header.php"
in SYSTEMPATH\Exceptions\FrameworkException.php on line 39.
 1 SYSTEMPATH\View\View.php(216): CodeIgniter\Exceptions\FrameworkException::forInvalidFile('templet/header.php')
 2 SYSTEMPATH\Common.php(1178): CodeIgniter\View\View->render('templet/header', [], true)
 3 APPPATH\Views\login.php(3): view('templet/header')
 4 SYSTEMPATH\View\View.php(228): include('H:\\ACA\\K TO P\\project\\app\\Views\\login.php')
 5 SYSTEMPATH\View\View.php(231): CodeIgniter\View\View->CodeIgniter\View\{closure}()
 6 SYSTEMPATH\Common.php(1178): CodeIgniter\View\View->render('login', [], true)
 7 APPPATH\Controllers\Auth.php(12): view('login')
 8 SYSTEMPATH\CodeIgniter.php(941): App\Controllers\Auth->index()
 9 SYSTEMPATH\CodeIgniter.php(502): CodeIgniter\CodeIgniter->runController(Object(App\Controllers\Auth))
10 SYSTEMPATH\CodeIgniter.php(361): CodeIgniter\CodeIgniter->handleRequest(null, Object(Config\Cache), false)
11 FCPATH\index.php(79): CodeIgniter\CodeIgniter->run()
12 SYSTEMPATH\Commands\Server\rewrite.php(47): require_once('H:\\ACA\\K TO P\\project\\public\\index.php')
CRITICAL - 2024-02-06 02:20:50 --> CodeIgniter\View\Exceptions\ViewException: Invalid file: "templet/admin/header.php"
in SYSTEMPATH\Exceptions\FrameworkException.php on line 39.
 1 SYSTEMPATH\View\View.php(216): CodeIgniter\Exceptions\FrameworkException::forInvalidFile('templet/admin/header.php')
 2 SYSTEMPATH\Common.php(1178): CodeIgniter\View\View->render('templet/admin/header', [], true)
 3 APPPATH\Controllers\Auth.php(12): view('templet/admin/header')
 4 SYSTEMPATH\CodeIgniter.php(941): App\Controllers\Auth->index()
 5 SYSTEMPATH\CodeIgniter.php(502): CodeIgniter\CodeIgniter->runController(Object(App\Controllers\Auth))
 6 SYSTEMPATH\CodeIgniter.php(361): CodeIgniter\CodeIgniter->handleRequest(null, Object(Config\Cache), false)
 7 FCPATH\index.php(79): CodeIgniter\CodeIgniter->run()
 8 SYSTEMPATH\Commands\Server\rewrite.php(47): require_once('H:\\ACA\\K TO P\\project\\public\\index.php')
CRITICAL - 2024-02-06 02:33:11 --> CodeIgniter\View\Exceptions\ViewException: Invalid file: "templet/admin/header.php"
in SYSTEMPATH\Exceptions\FrameworkException.php on line 39.
 1 SYSTEMPATH\View\View.php(216): CodeIgniter\Exceptions\FrameworkException::forInvalidFile('templet/admin/header.php')
 2 SYSTEMPATH\Common.php(1178): CodeIgniter\View\View->render('templet/admin/header', [], true)
 3 APPPATH\Views\admin\BookingRequest.php(2): view('templet/admin/header')
 4 SYSTEMPATH\View\View.php(228): include('H:\\ACA\\K TO P\\project\\app\\Views\\admin\\BookingRequest.php')
 5 SYSTEMPATH\View\View.php(231): CodeIgniter\View\View->CodeIgniter\View\{closure}()
 6 SYSTEMPATH\Common.php(1178): CodeIgniter\View\View->render('admin/BookingRequest', [], true)
 7 APPPATH\Controllers\Auth.php(12): view('admin/BookingRequest')
 8 SYSTEMPATH\CodeIgniter.php(941): App\Controllers\Auth->index()
 9 SYSTEMPATH\CodeIgniter.php(502): CodeIgniter\CodeIgniter->runController(Object(App\Controllers\Auth))
10 SYSTEMPATH\CodeIgniter.php(361): CodeIgniter\CodeIgniter->handleRequest(null, Object(Config\Cache), false)
11 FCPATH\index.php(79): CodeIgniter\CodeIgniter->run()
12 SYSTEMPATH\Commands\Server\rewrite.php(47): require_once('H:\\ACA\\K TO P\\project\\public\\index.php')
CRITICAL - 2024-02-06 02:33:41 --> CodeIgniter\View\Exceptions\ViewException: Invalid file: "templet/admin/header.php"
in SYSTEMPATH\Exceptions\FrameworkException.php on line 39.
 1 SYSTEMPATH\View\View.php(216): CodeIgniter\Exceptions\FrameworkException::forInvalidFile('templet/admin/header.php')
 2 SYSTEMPATH\Common.php(1178): CodeIgniter\View\View->render('templet/admin/header', [], true)
 3 APPPATH\Views\admin\BookingRequest.php(2): view('templet/admin/header')
 4 SYSTEMPATH\View\View.php(228): include('H:\\ACA\\K TO P\\project\\app\\Views\\admin\\BookingRequest.php')
 5 SYSTEMPATH\View\View.php(231): CodeIgniter\View\View->CodeIgniter\View\{closure}()
 6 SYSTEMPATH\Common.php(1178): CodeIgniter\View\View->render('admin/BookingRequest', [], true)
 7 APPPATH\Controllers\Auth.php(12): view('admin/BookingRequest')
 8 SYSTEMPATH\CodeIgniter.php(941): App\Controllers\Auth->index()
 9 SYSTEMPATH\CodeIgniter.php(502): CodeIgniter\CodeIgniter->runController(Object(App\Controllers\Auth))
10 SYSTEMPATH\CodeIgniter.php(361): CodeIgniter\CodeIgniter->handleRequest(null, Object(Config\Cache), false)
11 FCPATH\index.php(79): CodeIgniter\CodeIgniter->run()
12 SYSTEMPATH\Commands\Server\rewrite.php(47): require_once('H:\\ACA\\K TO P\\project\\public\\index.php')
CRITICAL - 2024-02-06 02:33:42 --> CodeIgniter\View\Exceptions\ViewException: Invalid file: "templet/admin/header.php"
in SYSTEMPATH\Exceptions\FrameworkException.php on line 39.
 1 SYSTEMPATH\View\View.php(216): CodeIgniter\Exceptions\FrameworkException::forInvalidFile('templet/admin/header.php')
 2 SYSTEMPATH\Common.php(1178): CodeIgniter\View\View->render('templet/admin/header', [], true)
 3 APPPATH\Views\admin\BookingRequest.php(2): view('templet/admin/header')
 4 SYSTEMPATH\View\View.php(228): include('H:\\ACA\\K TO P\\project\\app\\Views\\admin\\BookingRequest.php')
 5 SYSTEMPATH\View\View.php(231): CodeIgniter\View\View->CodeIgniter\View\{closure}()
 6 SYSTEMPATH\Common.php(1178): CodeIgniter\View\View->render('admin/BookingRequest', [], true)
 7 APPPATH\Controllers\Auth.php(12): view('admin/BookingRequest')
 8 SYSTEMPATH\CodeIgniter.php(941): App\Controllers\Auth->index()
 9 SYSTEMPATH\CodeIgniter.php(502): CodeIgniter\CodeIgniter->runController(Object(App\Controllers\Auth))
10 SYSTEMPATH\CodeIgniter.php(361): CodeIgniter\CodeIgniter->handleRequest(null, Object(Config\Cache), false)
11 FCPATH\index.php(79): CodeIgniter\CodeIgniter->run()
12 SYSTEMPATH\Commands\Server\rewrite.php(47): require_once('H:\\ACA\\K TO P\\project\\public\\index.php')
CRITICAL - 2024-02-06 02:33:43 --> CodeIgniter\View\Exceptions\ViewException: Invalid file: "templet/admin/header.php"
in SYSTEMPATH\Exceptions\FrameworkException.php on line 39.
 1 SYSTEMPATH\View\View.php(216): CodeIgniter\Exceptions\FrameworkException::forInvalidFile('templet/admin/header.php')
 2 SYSTEMPATH\Common.php(1178): CodeIgniter\View\View->render('templet/admin/header', [], true)
 3 APPPATH\Views\admin\BookingRequest.php(2): view('templet/admin/header')
 4 SYSTEMPATH\View\View.php(228): include('H:\\ACA\\K TO P\\project\\app\\Views\\admin\\BookingRequest.php')
 5 SYSTEMPATH\View\View.php(231): CodeIgniter\View\View->CodeIgniter\View\{closure}()
 6 SYSTEMPATH\Common.php(1178): CodeIgniter\View\View->render('admin/BookingRequest', [], true)
 7 APPPATH\Controllers\Auth.php(12): view('admin/BookingRequest')
 8 SYSTEMPATH\CodeIgniter.php(941): App\Controllers\Auth->index()
 9 SYSTEMPATH\CodeIgniter.php(502): CodeIgniter\CodeIgniter->runController(Object(App\Controllers\Auth))
10 SYSTEMPATH\CodeIgniter.php(361): CodeIgniter\CodeIgniter->handleRequest(null, Object(Config\Cache), false)
11 FCPATH\index.php(79): CodeIgniter\CodeIgniter->run()
12 SYSTEMPATH\Commands\Server\rewrite.php(47): require_once('H:\\ACA\\K TO P\\project\\public\\index.php')
ERROR - 2024-02-06 03:05:09 --> Error connecting to the database: mysqli_sql_exception: Access denied for user ''@'localhost' (using password: NO) in H:\ACA\K TO P\project\system\Database\MySQLi\Connection.php:185
Stack trace:
#0 H:\ACA\K TO P\project\system\Database\MySQLi\Connection.php(185): mysqli->real_connect('localhost', '', '', 'sisi', 3306, '', 0)
#1 H:\ACA\K TO P\project\system\Database\BaseConnection.php(392): CodeIgniter\Database\MySQLi\Connection->connect(false)
#2 H:\ACA\K TO P\project\system\Database\BaseConnection.php(575): CodeIgniter\Database\BaseConnection->initialize()
#3 H:\ACA\K TO P\project\system\Database\BaseBuilder.php(1616): CodeIgniter\Database\BaseConnection->query('SELECT *\nFROM `...', Array, false)
#4 H:\ACA\K TO P\project\system\Model.php(242): CodeIgniter\Database\BaseBuilder->get()
#5 H:\ACA\K TO P\project\system\BaseModel.php(638): CodeIgniter\Model->doFindAll(0, 0)
#6 H:\ACA\K TO P\project\app\Controllers\Auth.php(14): CodeIgniter\BaseModel->findAll()
#7 H:\ACA\K TO P\project\system\CodeIgniter.php(941): App\Controllers\Auth->index()
#8 H:\ACA\K TO P\project\system\CodeIgniter.php(502): CodeIgniter\CodeIgniter->runController(Object(App\Controllers\Auth))
#9 H:\ACA\K TO P\project\system\CodeIgniter.php(361): CodeIgniter\CodeIgniter->handleRequest(NULL, Object(Config\Cache), false)
#10 H:\ACA\K TO P\project\public\index.php(79): CodeIgniter\CodeIgniter->run()
#11 H:\ACA\K TO P\project\system\Commands\Server\rewrite.php(47): require_once('H:\\ACA\\K TO P\\p...')
#12 {main}

Next CodeIgniter\Database\Exceptions\DatabaseException: Access denied for user ''@'localhost' (using password: NO) in H:\ACA\K TO P\project\system\Database\MySQLi\Connection.php:229
Stack trace:
#0 H:\ACA\K TO P\project\system\Database\BaseConnection.php(392): CodeIgniter\Database\MySQLi\Connection->connect(false)
#1 H:\ACA\K TO P\project\system\Database\BaseConnection.php(575): CodeIgniter\Database\BaseConnection->initialize()
#2 H:\ACA\K TO P\project\system\Database\BaseBuilder.php(1616): CodeIgniter\Database\BaseConnection->query('SELECT *\nFROM `...', Array, false)
#3 H:\ACA\K TO P\project\system\Model.php(242): CodeIgniter\Database\BaseBuilder->get()
#4 H:\ACA\K TO P\project\system\BaseModel.php(638): CodeIgniter\Model->doFindAll(0, 0)
#5 H:\ACA\K TO P\project\app\Controllers\Auth.php(14): CodeIgniter\BaseModel->findAll()
#6 H:\ACA\K TO P\project\system\CodeIgniter.php(941): App\Controllers\Auth->index()
#7 H:\ACA\K TO P\project\system\CodeIgniter.php(502): CodeIgniter\CodeIgniter->runController(Object(App\Controllers\Auth))
#8 H:\ACA\K TO P\project\system\CodeIgniter.php(361): CodeIgniter\CodeIgniter->handleRequest(NULL, Object(Config\Cache), false)
#9 H:\ACA\K TO P\project\public\index.php(79): CodeIgniter\CodeIgniter->run()
#10 H:\ACA\K TO P\project\system\Commands\Server\rewrite.php(47): require_once('H:\\ACA\\K TO P\\p...')
#11 {main}
CRITICAL - 2024-02-06 03:05:09 --> CodeIgniter\Database\Exceptions\DatabaseException: Unable to connect to the database.
Main connection [MySQLi]: Access denied for user ''@'localhost' (using password: NO)
in SYSTEMPATH\Database\BaseConnection.php on line 428.
 1 SYSTEMPATH\Database\BaseConnection.php(575): CodeIgniter\Database\BaseConnection->initialize()
 2 SYSTEMPATH\Database\BaseBuilder.php(1616): CodeIgniter\Database\BaseConnection->query('SELECT *
FROM `users`', [], false)
 3 SYSTEMPATH\Model.php(242): CodeIgniter\Database\BaseBuilder->get()
 4 SYSTEMPATH\BaseModel.php(638): CodeIgniter\Model->doFindAll(0, 0)
 5 APPPATH\Controllers\Auth.php(14): CodeIgniter\BaseModel->findAll()
 6 SYSTEMPATH\CodeIgniter.php(941): App\Controllers\Auth->index()
 7 SYSTEMPATH\CodeIgniter.php(502): CodeIgniter\CodeIgniter->runController(Object(App\Controllers\Auth))
 8 SYSTEMPATH\CodeIgniter.php(361): CodeIgniter\CodeIgniter->handleRequest(null, Object(Config\Cache), false)
 9 FCPATH\index.php(79): CodeIgniter\CodeIgniter->run()
10 SYSTEMPATH\Commands\Server\rewrite.php(47): require_once('H:\\ACA\\K TO P\\project\\public\\index.php')
CRITICAL - 2024-02-06 03:07:22 --> ErrorException: Undefined variable $counter
in APPPATH\Views\admin\User.php on line 95.
 1 APPPATH\Views\admin\User.php(95): CodeIgniter\Debug\Exceptions->errorHandler(2, 'Undefined variable $counter', 'H:\\ACA\\K TO P\\project\\app\\Views\\admin\\User.php', 95)
 2 SYSTEMPATH\View\View.php(228): include('H:\\ACA\\K TO P\\project\\app\\Views\\admin\\User.php')
 3 SYSTEMPATH\View\View.php(231): CodeIgniter\View\View->CodeIgniter\View\{closure}()
 4 SYSTEMPATH\Common.php(1178): CodeIgniter\View\View->render('admin/User', [], true)
 5 APPPATH\Controllers\Auth.php(16): view('admin/User')
 6 SYSTEMPATH\CodeIgniter.php(941): App\Controllers\Auth->index()
 7 SYSTEMPATH\CodeIgniter.php(502): CodeIgniter\CodeIgniter->runController(Object(App\Controllers\Auth))
 8 SYSTEMPATH\CodeIgniter.php(361): CodeIgniter\CodeIgniter->handleRequest(null, Object(Config\Cache), false)
 9 FCPATH\index.php(79): CodeIgniter\CodeIgniter->run()
10 SYSTEMPATH\Commands\Server\rewrite.php(47): require_once('H:\\ACA\\K TO P\\project\\public\\index.php')
CRITICAL - 2024-02-06 03:07:34 --> ErrorException: Undefined variable $counter
in APPPATH\Views\admin\User.php on line 95.
 1 APPPATH\Views\admin\User.php(95): CodeIgniter\Debug\Exceptions->errorHandler(2, 'Undefined variable $counter', 'H:\\ACA\\K TO P\\project\\app\\Views\\admin\\User.php', 95)
 2 SYSTEMPATH\View\View.php(228): include('H:\\ACA\\K TO P\\project\\app\\Views\\admin\\User.php')
 3 SYSTEMPATH\View\View.php(231): CodeIgniter\View\View->CodeIgniter\View\{closure}()
 4 SYSTEMPATH\Common.php(1178): CodeIgniter\View\View->render('admin/User', [], true)
 5 APPPATH\Controllers\Auth.php(16): view('admin/User')
 6 SYSTEMPATH\CodeIgniter.php(941): App\Controllers\Auth->index()
 7 SYSTEMPATH\CodeIgniter.php(502): CodeIgniter\CodeIgniter->runController(Object(App\Controllers\Auth))
 8 SYSTEMPATH\CodeIgniter.php(361): CodeIgniter\CodeIgniter->handleRequest(null, Object(Config\Cache), false)
 9 FCPATH\index.php(79): CodeIgniter\CodeIgniter->run()
10 SYSTEMPATH\Commands\Server\rewrite.php(47): require_once('H:\\ACA\\K TO P\\project\\public\\index.php')
CRITICAL - 2024-02-06 03:07:39 --> ErrorException: Undefined variable $user
in APPPATH\Views\admin\User.php on line 96.
 1 APPPATH\Views\admin\User.php(96): CodeIgniter\Debug\Exceptions->errorHandler(2, 'Undefined variable $user', 'H:\\ACA\\K TO P\\project\\app\\Views\\admin\\User.php', 96)
 2 SYSTEMPATH\View\View.php(228): include('H:\\ACA\\K TO P\\project\\app\\Views\\admin\\User.php')
 3 SYSTEMPATH\View\View.php(231): CodeIgniter\View\View->CodeIgniter\View\{closure}()
 4 SYSTEMPATH\Common.php(1178): CodeIgniter\View\View->render('admin/User', [], true)
 5 APPPATH\Controllers\Auth.php(16): view('admin/User')
 6 SYSTEMPATH\CodeIgniter.php(941): App\Controllers\Auth->index()
 7 SYSTEMPATH\CodeIgniter.php(502): CodeIgniter\CodeIgniter->runController(Object(App\Controllers\Auth))
 8 SYSTEMPATH\CodeIgniter.php(361): CodeIgniter\CodeIgniter->handleRequest(null, Object(Config\Cache), false)
 9 FCPATH\index.php(79): CodeIgniter\CodeIgniter->run()
10 SYSTEMPATH\Commands\Server\rewrite.php(47): require_once('H:\\ACA\\K TO P\\project\\public\\index.php')
CRITICAL - 2024-02-06 03:07:41 --> ErrorException: Undefined variable $user
in APPPATH\Views\admin\User.php on line 96.
 1 APPPATH\Views\admin\User.php(96): CodeIgniter\Debug\Exceptions->errorHandler(2, 'Undefined variable $user', 'H:\\ACA\\K TO P\\project\\app\\Views\\admin\\User.php', 96)
 2 SYSTEMPATH\View\View.php(228): include('H:\\ACA\\K TO P\\project\\app\\Views\\admin\\User.php')
 3 SYSTEMPATH\View\View.php(231): CodeIgniter\View\View->CodeIgniter\View\{closure}()
 4 SYSTEMPATH\Common.php(1178): CodeIgniter\View\View->render('admin/User', [], true)
 5 APPPATH\Controllers\Auth.php(16): view('admin/User')
 6 SYSTEMPATH\CodeIgniter.php(941): App\Controllers\Auth->index()
 7 SYSTEMPATH\CodeIgniter.php(502): CodeIgniter\CodeIgniter->runController(Object(App\Controllers\Auth))
 8 SYSTEMPATH\CodeIgniter.php(361): CodeIgniter\CodeIgniter->handleRequest(null, Object(Config\Cache), false)
 9 FCPATH\index.php(79): CodeIgniter\CodeIgniter->run()
10 SYSTEMPATH\Commands\Server\rewrite.php(47): require_once('H:\\ACA\\K TO P\\project\\public\\index.php')
CRITICAL - 2024-02-06 03:07:41 --> ErrorException: Undefined variable $user
in APPPATH\Views\admin\User.php on line 96.
 1 APPPATH\Views\admin\User.php(96): CodeIgniter\Debug\Exceptions->errorHandler(2, 'Undefined variable $user', 'H:\\ACA\\K TO P\\project\\app\\Views\\admin\\User.php', 96)
 2 SYSTEMPATH\View\View.php(228): include('H:\\ACA\\K TO P\\project\\app\\Views\\admin\\User.php')
 3 SYSTEMPATH\View\View.php(231): CodeIgniter\View\View->CodeIgniter\View\{closure}()
 4 SYSTEMPATH\Common.php(1178): CodeIgniter\View\View->render('admin/User', [], true)
 5 APPPATH\Controllers\Auth.php(16): view('admin/User')
 6 SYSTEMPATH\CodeIgniter.php(941): App\Controllers\Auth->index()
 7 SYSTEMPATH\CodeIgniter.php(502): CodeIgniter\CodeIgniter->runController(Object(App\Controllers\Auth))
 8 SYSTEMPATH\CodeIgniter.php(361): CodeIgniter\CodeIgniter->handleRequest(null, Object(Config\Cache), false)
 9 FCPATH\index.php(79): CodeIgniter\CodeIgniter->run()
10 SYSTEMPATH\Commands\Server\rewrite.php(47): require_once('H:\\ACA\\K TO P\\project\\public\\index.php')
CRITICAL - 2024-02-06 03:08:20 --> ErrorException: Undefined variable $users
in APPPATH\Views\admin\User.php on line 96.
 1 APPPATH\Views\admin\User.php(96): CodeIgniter\Debug\Exceptions->errorHandler(2, 'Undefined variable $users', 'H:\\ACA\\K TO P\\project\\app\\Views\\admin\\User.php', 96)
 2 SYSTEMPATH\View\View.php(228): include('H:\\ACA\\K TO P\\project\\app\\Views\\admin\\User.php')
 3 SYSTEMPATH\View\View.php(231): CodeIgniter\View\View->CodeIgniter\View\{closure}()
 4 SYSTEMPATH\Common.php(1178): CodeIgniter\View\View->render('admin/User', [], true)
 5 APPPATH\Controllers\Auth.php(16): view('admin/User')
 6 SYSTEMPATH\CodeIgniter.php(941): App\Controllers\Auth->index()
 7 SYSTEMPATH\CodeIgniter.php(502): CodeIgniter\CodeIgniter->runController(Object(App\Controllers\Auth))
 8 SYSTEMPATH\CodeIgniter.php(361): CodeIgniter\CodeIgniter->handleRequest(null, Object(Config\Cache), false)
 9 FCPATH\index.php(79): CodeIgniter\CodeIgniter->run()
10 SYSTEMPATH\Commands\Server\rewrite.php(47): require_once('H:\\ACA\\K TO P\\project\\public\\index.php')
CRITICAL - 2024-02-06 03:08:21 --> ErrorException: Undefined variable $users
in APPPATH\Views\admin\User.php on line 96.
 1 APPPATH\Views\admin\User.php(96): CodeIgniter\Debug\Exceptions->errorHandler(2, 'Undefined variable $users', 'H:\\ACA\\K TO P\\project\\app\\Views\\admin\\User.php', 96)
 2 SYSTEMPATH\View\View.php(228): include('H:\\ACA\\K TO P\\project\\app\\Views\\admin\\User.php')
 3 SYSTEMPATH\View\View.php(231): CodeIgniter\View\View->CodeIgniter\View\{closure}()
 4 SYSTEMPATH\Common.php(1178): CodeIgniter\View\View->render('admin/User', [], true)
 5 APPPATH\Controllers\Auth.php(16): view('admin/User')
 6 SYSTEMPATH\CodeIgniter.php(941): App\Controllers\Auth->index()
 7 SYSTEMPATH\CodeIgniter.php(502): CodeIgniter\CodeIgniter->runController(Object(App\Controllers\Auth))
 8 SYSTEMPATH\CodeIgniter.php(361): CodeIgniter\CodeIgniter->handleRequest(null, Object(Config\Cache), false)
 9 FCPATH\index.php(79): CodeIgniter\CodeIgniter->run()
10 SYSTEMPATH\Commands\Server\rewrite.php(47): require_once('H:\\ACA\\K TO P\\project\\public\\index.php')
CRITICAL - 2024-02-06 03:08:22 --> ErrorException: Undefined variable $users
in APPPATH\Views\admin\User.php on line 96.
 1 APPPATH\Views\admin\User.php(96): CodeIgniter\Debug\Exceptions->errorHandler(2, 'Undefined variable $users', 'H:\\ACA\\K TO P\\project\\app\\Views\\admin\\User.php', 96)
 2 SYSTEMPATH\View\View.php(228): include('H:\\ACA\\K TO P\\project\\app\\Views\\admin\\User.php')
 3 SYSTEMPATH\View\View.php(231): CodeIgniter\View\View->CodeIgniter\View\{closure}()
 4 SYSTEMPATH\Common.php(1178): CodeIgniter\View\View->render('admin/User', [], true)
 5 APPPATH\Controllers\Auth.php(16): view('admin/User')
 6 SYSTEMPATH\CodeIgniter.php(941): App\Controllers\Auth->index()
 7 SYSTEMPATH\CodeIgniter.php(502): CodeIgniter\CodeIgniter->runController(Object(App\Controllers\Auth))
 8 SYSTEMPATH\CodeIgniter.php(361): CodeIgniter\CodeIgniter->handleRequest(null, Object(Config\Cache), false)
 9 FCPATH\index.php(79): CodeIgniter\CodeIgniter->run()
10 SYSTEMPATH\Commands\Server\rewrite.php(47): require_once('H:\\ACA\\K TO P\\project\\public\\index.php')
CRITICAL - 2024-02-06 03:08:54 --> ParseError: syntax error, unexpected end of file
in APPPATH\Views\admin\User.php on line 128.
 1 SYSTEMPATH\View\View.php(231): CodeIgniter\View\View->CodeIgniter\View\{closure}()
 2 SYSTEMPATH\Common.php(1178): CodeIgniter\View\View->render('admin/User', [], true)
 3 APPPATH\Controllers\Auth.php(16): view('admin/User')
 4 SYSTEMPATH\CodeIgniter.php(941): App\Controllers\Auth->index()
 5 SYSTEMPATH\CodeIgniter.php(502): CodeIgniter\CodeIgniter->runController(Object(App\Controllers\Auth))
 6 SYSTEMPATH\CodeIgniter.php(361): CodeIgniter\CodeIgniter->handleRequest(null, Object(Config\Cache), false)
 7 FCPATH\index.php(79): CodeIgniter\CodeIgniter->run()
 8 SYSTEMPATH\Commands\Server\rewrite.php(47): require_once('H:\\ACA\\K TO P\\project\\public\\index.php')
CRITICAL - 2024-02-06 03:09:01 --> ParseError: syntax error, unexpected end of file
in APPPATH\Views\admin\User.php on line 126.
 1 SYSTEMPATH\View\View.php(231): CodeIgniter\View\View->CodeIgniter\View\{closure}()
 2 SYSTEMPATH\Common.php(1178): CodeIgniter\View\View->render('admin/User', [], true)
 3 APPPATH\Controllers\Auth.php(16): view('admin/User')
 4 SYSTEMPATH\CodeIgniter.php(941): App\Controllers\Auth->index()
 5 SYSTEMPATH\CodeIgniter.php(502): CodeIgniter\CodeIgniter->runController(Object(App\Controllers\Auth))
 6 SYSTEMPATH\CodeIgniter.php(361): CodeIgniter\CodeIgniter->handleRequest(null, Object(Config\Cache), false)
 7 FCPATH\index.php(79): CodeIgniter\CodeIgniter->run()
 8 SYSTEMPATH\Commands\Server\rewrite.php(47): require_once('H:\\ACA\\K TO P\\project\\public\\index.php')
CRITICAL - 2024-02-06 03:09:07 --> ParseError: syntax error, unexpected end of file
in APPPATH\Views\admin\User.php on line 126.
 1 SYSTEMPATH\View\View.php(231): CodeIgniter\View\View->CodeIgniter\View\{closure}()
 2 SYSTEMPATH\Common.php(1178): CodeIgniter\View\View->render('admin/User', [], true)
 3 APPPATH\Controllers\Auth.php(16): view('admin/User')
 4 SYSTEMPATH\CodeIgniter.php(941): App\Controllers\Auth->index()
 5 SYSTEMPATH\CodeIgniter.php(502): CodeIgniter\CodeIgniter->runController(Object(App\Controllers\Auth))
 6 SYSTEMPATH\CodeIgniter.php(361): CodeIgniter\CodeIgniter->handleRequest(null, Object(Config\Cache), false)
 7 FCPATH\index.php(79): CodeIgniter\CodeIgniter->run()
 8 SYSTEMPATH\Commands\Server\rewrite.php(47): require_once('H:\\ACA\\K TO P\\project\\public\\index.php')
CRITICAL - 2024-02-06 03:09:12 --> ParseError: syntax error, unexpected end of file
in APPPATH\Views\admin\User.php on line 125.
 1 SYSTEMPATH\View\View.php(231): CodeIgniter\View\View->CodeIgniter\View\{closure}()
 2 SYSTEMPATH\Common.php(1178): CodeIgniter\View\View->render('admin/User', [], true)
 3 APPPATH\Controllers\Auth.php(16): view('admin/User')
 4 SYSTEMPATH\CodeIgniter.php(941): App\Controllers\Auth->index()
 5 SYSTEMPATH\CodeIgniter.php(502): CodeIgniter\CodeIgniter->runController(Object(App\Controllers\Auth))
 6 SYSTEMPATH\CodeIgniter.php(361): CodeIgniter\CodeIgniter->handleRequest(null, Object(Config\Cache), false)
 7 FCPATH\index.php(79): CodeIgniter\CodeIgniter->run()
 8 SYSTEMPATH\Commands\Server\rewrite.php(47): require_once('H:\\ACA\\K TO P\\project\\public\\index.php')
CRITICAL - 2024-02-06 03:09:34 --> ErrorException: Undefined variable $users
in APPPATH\Views\admin\User.php on line 95.
 1 APPPATH\Views\admin\User.php(95): CodeIgniter\Debug\Exceptions->errorHandler(2, 'Undefined variable $users', 'H:\\ACA\\K TO P\\project\\app\\Views\\admin\\User.php', 95)
 2 SYSTEMPATH\View\View.php(228): include('H:\\ACA\\K TO P\\project\\app\\Views\\admin\\User.php')
 3 SYSTEMPATH\View\View.php(231): CodeIgniter\View\View->CodeIgniter\View\{closure}()
 4 SYSTEMPATH\Common.php(1178): CodeIgniter\View\View->render('admin/User', [], true)
 5 APPPATH\Controllers\Auth.php(16): view('admin/User')
 6 SYSTEMPATH\CodeIgniter.php(941): App\Controllers\Auth->index()
 7 SYSTEMPATH\CodeIgniter.php(502): CodeIgniter\CodeIgniter->runController(Object(App\Controllers\Auth))
 8 SYSTEMPATH\CodeIgniter.php(361): CodeIgniter\CodeIgniter->handleRequest(null, Object(Config\Cache), false)
 9 FCPATH\index.php(79): CodeIgniter\CodeIgniter->run()
10 SYSTEMPATH\Commands\Server\rewrite.php(47): require_once('H:\\ACA\\K TO P\\project\\public\\index.php')
CRITICAL - 2024-02-06 03:09:54 --> ErrorException: Undefined variable $users
in APPPATH\Views\admin\User.php on line 95.
 1 APPPATH\Views\admin\User.php(95): CodeIgniter\Debug\Exceptions->errorHandler(2, 'Undefined variable $users', 'H:\\ACA\\K TO P\\project\\app\\Views\\admin\\User.php', 95)
 2 SYSTEMPATH\View\View.php(228): include('H:\\ACA\\K TO P\\project\\app\\Views\\admin\\User.php')
 3 SYSTEMPATH\View\View.php(231): CodeIgniter\View\View->CodeIgniter\View\{closure}()
 4 SYSTEMPATH\Common.php(1178): CodeIgniter\View\View->render('admin/User', [], true)
 5 APPPATH\Controllers\Auth.php(16): view('admin/User')
 6 SYSTEMPATH\CodeIgniter.php(941): App\Controllers\Auth->index()
 7 SYSTEMPATH\CodeIgniter.php(502): CodeIgniter\CodeIgniter->runController(Object(App\Controllers\Auth))
 8 SYSTEMPATH\CodeIgniter.php(361): CodeIgniter\CodeIgniter->handleRequest(null, Object(Config\Cache), false)
 9 FCPATH\index.php(79): CodeIgniter\CodeIgniter->run()
10 SYSTEMPATH\Commands\Server\rewrite.php(47): require_once('H:\\ACA\\K TO P\\project\\public\\index.php')
CRITICAL - 2024-02-06 03:09:55 --> ErrorException: Undefined variable $users
in APPPATH\Views\admin\User.php on line 95.
 1 APPPATH\Views\admin\User.php(95): CodeIgniter\Debug\Exceptions->errorHandler(2, 'Undefined variable $users', 'H:\\ACA\\K TO P\\project\\app\\Views\\admin\\User.php', 95)
 2 SYSTEMPATH\View\View.php(228): include('H:\\ACA\\K TO P\\project\\app\\Views\\admin\\User.php')
 3 SYSTEMPATH\View\View.php(231): CodeIgniter\View\View->CodeIgniter\View\{closure}()
 4 SYSTEMPATH\Common.php(1178): CodeIgniter\View\View->render('admin/User', [], true)
 5 APPPATH\Controllers\Auth.php(16): view('admin/User')
 6 SYSTEMPATH\CodeIgniter.php(941): App\Controllers\Auth->index()
 7 SYSTEMPATH\CodeIgniter.php(502): CodeIgniter\CodeIgniter->runController(Object(App\Controllers\Auth))
 8 SYSTEMPATH\CodeIgniter.php(361): CodeIgniter\CodeIgniter->handleRequest(null, Object(Config\Cache), false)
 9 FCPATH\index.php(79): CodeIgniter\CodeIgniter->run()
10 SYSTEMPATH\Commands\Server\rewrite.php(47): require_once('H:\\ACA\\K TO P\\project\\public\\index.php')
CRITICAL - 2024-02-06 03:09:55 --> ErrorException: Undefined variable $users
in APPPATH\Views\admin\User.php on line 95.
 1 APPPATH\Views\admin\User.php(95): CodeIgniter\Debug\Exceptions->errorHandler(2, 'Undefined variable $users', 'H:\\ACA\\K TO P\\project\\app\\Views\\admin\\User.php', 95)
 2 SYSTEMPATH\View\View.php(228): include('H:\\ACA\\K TO P\\project\\app\\Views\\admin\\User.php')
 3 SYSTEMPATH\View\View.php(231): CodeIgniter\View\View->CodeIgniter\View\{closure}()
 4 SYSTEMPATH\Common.php(1178): CodeIgniter\View\View->render('admin/User', [], true)
 5 APPPATH\Controllers\Auth.php(16): view('admin/User')
 6 SYSTEMPATH\CodeIgniter.php(941): App\Controllers\Auth->index()
 7 SYSTEMPATH\CodeIgniter.php(502): CodeIgniter\CodeIgniter->runController(Object(App\Controllers\Auth))
 8 SYSTEMPATH\CodeIgniter.php(361): CodeIgniter\CodeIgniter->handleRequest(null, Object(Config\Cache), false)
 9 FCPATH\index.php(79): CodeIgniter\CodeIgniter->run()
10 SYSTEMPATH\Commands\Server\rewrite.php(47): require_once('H:\\ACA\\K TO P\\project\\public\\index.php')
CRITICAL - 2024-02-06 03:11:10 --> ErrorException: Undefined variable $users
in APPPATH\Views\admin\User.php on line 95.
 1 APPPATH\Views\admin\User.php(95): CodeIgniter\Debug\Exceptions->errorHandler(2, 'Undefined variable $users', 'H:\\ACA\\K TO P\\project\\app\\Views\\admin\\User.php', 95)
 2 SYSTEMPATH\View\View.php(228): include('H:\\ACA\\K TO P\\project\\app\\Views\\admin\\User.php')
 3 SYSTEMPATH\View\View.php(231): CodeIgniter\View\View->CodeIgniter\View\{closure}()
 4 SYSTEMPATH\Common.php(1178): CodeIgniter\View\View->render('admin/User', [], true)
 5 APPPATH\Controllers\Auth.php(16): view('admin/User')
 6 SYSTEMPATH\CodeIgniter.php(941): App\Controllers\Auth->index()
 7 SYSTEMPATH\CodeIgniter.php(502): CodeIgniter\CodeIgniter->runController(Object(App\Controllers\Auth))
 8 SYSTEMPATH\CodeIgniter.php(361): CodeIgniter\CodeIgniter->handleRequest(null, Object(Config\Cache), false)
 9 FCPATH\index.php(79): CodeIgniter\CodeIgniter->run()
10 SYSTEMPATH\Commands\Server\rewrite.php(47): require_once('H:\\ACA\\K TO P\\project\\public\\index.php')
CRITICAL - 2024-02-06 03:11:26 --> ErrorException: Undefined variable $users
in APPPATH\Views\admin\User.php on line 95.
 1 APPPATH\Views\admin\User.php(95): CodeIgniter\Debug\Exceptions->errorHandler(2, 'Undefined variable $users', 'H:\\ACA\\K TO P\\project\\app\\Views\\admin\\User.php', 95)
 2 SYSTEMPATH\View\View.php(228): include('H:\\ACA\\K TO P\\project\\app\\Views\\admin\\User.php')
 3 SYSTEMPATH\View\View.php(231): CodeIgniter\View\View->CodeIgniter\View\{closure}()
 4 SYSTEMPATH\Common.php(1178): CodeIgniter\View\View->render('admin/User', [], true)
 5 APPPATH\Controllers\Auth.php(16): view('admin/User')
 6 SYSTEMPATH\CodeIgniter.php(941): App\Controllers\Auth->index()
 7 SYSTEMPATH\CodeIgniter.php(502): CodeIgniter\CodeIgniter->runController(Object(App\Controllers\Auth))
 8 SYSTEMPATH\CodeIgniter.php(361): CodeIgniter\CodeIgniter->handleRequest(null, Object(Config\Cache), false)
 9 FCPATH\index.php(79): CodeIgniter\CodeIgniter->run()
10 SYSTEMPATH\Commands\Server\rewrite.php(47): require_once('H:\\ACA\\K TO P\\project\\public\\index.php')
CRITICAL - 2024-02-06 03:11:44 --> ErrorException: Undefined variable $users
in APPPATH\Views\admin\User.php on line 95.
 1 APPPATH\Views\admin\User.php(95): CodeIgniter\Debug\Exceptions->errorHandler(2, 'Undefined variable $users', 'H:\\ACA\\K TO P\\project\\app\\Views\\admin\\User.php', 95)
 2 SYSTEMPATH\View\View.php(228): include('H:\\ACA\\K TO P\\project\\app\\Views\\admin\\User.php')
 3 SYSTEMPATH\View\View.php(231): CodeIgniter\View\View->CodeIgniter\View\{closure}()
 4 SYSTEMPATH\Common.php(1178): CodeIgniter\View\View->render('admin/User', [], true)
 5 APPPATH\Controllers\Auth.php(16): view('admin/User')
 6 SYSTEMPATH\CodeIgniter.php(941): App\Controllers\Auth->index()
 7 SYSTEMPATH\CodeIgniter.php(502): CodeIgniter\CodeIgniter->runController(Object(App\Controllers\Auth))
 8 SYSTEMPATH\CodeIgniter.php(361): CodeIgniter\CodeIgniter->handleRequest(null, Object(Config\Cache), false)
 9 FCPATH\index.php(79): CodeIgniter\CodeIgniter->run()
10 SYSTEMPATH\Commands\Server\rewrite.php(47): require_once('H:\\ACA\\K TO P\\project\\public\\index.php')
CRITICAL - 2024-02-06 03:12:15 --> ErrorException: Undefined array key "nama"
in APPPATH\Views\admin\User.php on line 100.
 1 APPPATH\Views\admin\User.php(100): CodeIgniter\Debug\Exceptions->errorHandler(2, 'Undefined array key "nama"', 'H:\\ACA\\K TO P\\project\\app\\Views\\admin\\User.php', 100)
 2 SYSTEMPATH\View\View.php(228): include('H:\\ACA\\K TO P\\project\\app\\Views\\admin\\User.php')
 3 SYSTEMPATH\View\View.php(231): CodeIgniter\View\View->CodeIgniter\View\{closure}()
 4 SYSTEMPATH\Common.php(1178): CodeIgniter\View\View->render('admin/User', [], true)
 5 APPPATH\Controllers\Auth.php(16): view('admin/User', [...])
 6 SYSTEMPATH\CodeIgniter.php(941): App\Controllers\Auth->index()
 7 SYSTEMPATH\CodeIgniter.php(502): CodeIgniter\CodeIgniter->runController(Object(App\Controllers\Auth))
 8 SYSTEMPATH\CodeIgniter.php(361): CodeIgniter\CodeIgniter->handleRequest(null, Object(Config\Cache), false)
 9 FCPATH\index.php(79): CodeIgniter\CodeIgniter->run()
10 SYSTEMPATH\Commands\Server\rewrite.php(47): require_once('H:\\ACA\\K TO P\\project\\public\\index.php')
CRITICAL - 2024-02-06 03:33:21 --> ErrorException: Undefined variable $user
in APPPATH\Views\admin\ruangan.php on line 95.
 1 APPPATH\Views\admin\ruangan.php(95): CodeIgniter\Debug\Exceptions->errorHandler(2, 'Undefined variable $user', 'H:\\ACA\\K TO P\\project\\app\\Views\\admin\\ruangan.php', 95)
 2 SYSTEMPATH\View\View.php(228): include('H:\\ACA\\K TO P\\project\\app\\Views\\admin\\ruangan.php')
 3 SYSTEMPATH\View\View.php(231): CodeIgniter\View\View->CodeIgniter\View\{closure}()
 4 SYSTEMPATH\Common.php(1178): CodeIgniter\View\View->render('admin/ruangan', [], true)
 5 APPPATH\Controllers\RuanganControllers.php(16): view('admin/ruangan', [...])
 6 SYSTEMPATH\CodeIgniter.php(941): App\Controllers\RuanganControllers->index()
 7 SYSTEMPATH\CodeIgniter.php(502): CodeIgniter\CodeIgniter->runController(Object(App\Controllers\RuanganControllers))
 8 SYSTEMPATH\CodeIgniter.php(361): CodeIgniter\CodeIgniter->handleRequest(null, Object(Config\Cache), false)
 9 FCPATH\index.php(79): CodeIgniter\CodeIgniter->run()
10 SYSTEMPATH\Commands\Server\rewrite.php(47): require_once('H:\\ACA\\K TO P\\project\\public\\index.php')
CRITICAL - 2024-02-06 03:33:22 --> ErrorException: Undefined variable $user
in APPPATH\Views\admin\ruangan.php on line 95.
 1 APPPATH\Views\admin\ruangan.php(95): CodeIgniter\Debug\Exceptions->errorHandler(2, 'Undefined variable $user', 'H:\\ACA\\K TO P\\project\\app\\Views\\admin\\ruangan.php', 95)
 2 SYSTEMPATH\View\View.php(228): include('H:\\ACA\\K TO P\\project\\app\\Views\\admin\\ruangan.php')
 3 SYSTEMPATH\View\View.php(231): CodeIgniter\View\View->CodeIgniter\View\{closure}()
 4 SYSTEMPATH\Common.php(1178): CodeIgniter\View\View->render('admin/ruangan', [], true)
 5 APPPATH\Controllers\RuanganControllers.php(16): view('admin/ruangan', [...])
 6 SYSTEMPATH\CodeIgniter.php(941): App\Controllers\RuanganControllers->index()
 7 SYSTEMPATH\CodeIgniter.php(502): CodeIgniter\CodeIgniter->runController(Object(App\Controllers\RuanganControllers))
 8 SYSTEMPATH\CodeIgniter.php(361): CodeIgniter\CodeIgniter->handleRequest(null, Object(Config\Cache), false)
 9 FCPATH\index.php(79): CodeIgniter\CodeIgniter->run()
10 SYSTEMPATH\Commands\Server\rewrite.php(47): require_once('H:\\ACA\\K TO P\\project\\public\\index.php')
CRITICAL - 2024-02-06 03:33:23 --> ErrorException: Undefined variable $user
in APPPATH\Views\admin\ruangan.php on line 95.
 1 APPPATH\Views\admin\ruangan.php(95): CodeIgniter\Debug\Exceptions->errorHandler(2, 'Undefined variable $user', 'H:\\ACA\\K TO P\\project\\app\\Views\\admin\\ruangan.php', 95)
 2 SYSTEMPATH\View\View.php(228): include('H:\\ACA\\K TO P\\project\\app\\Views\\admin\\ruangan.php')
 3 SYSTEMPATH\View\View.php(231): CodeIgniter\View\View->CodeIgniter\View\{closure}()
 4 SYSTEMPATH\Common.php(1178): CodeIgniter\View\View->render('admin/ruangan', [], true)
 5 APPPATH\Controllers\RuanganControllers.php(16): view('admin/ruangan', [...])
 6 SYSTEMPATH\CodeIgniter.php(941): App\Controllers\RuanganControllers->index()
 7 SYSTEMPATH\CodeIgniter.php(502): CodeIgniter\CodeIgniter->runController(Object(App\Controllers\RuanganControllers))
 8 SYSTEMPATH\CodeIgniter.php(361): CodeIgniter\CodeIgniter->handleRequest(null, Object(Config\Cache), false)
 9 FCPATH\index.php(79): CodeIgniter\CodeIgniter->run()
10 SYSTEMPATH\Commands\Server\rewrite.php(47): require_once('H:\\ACA\\K TO P\\project\\public\\index.php')
CRITICAL - 2024-02-06 04:02:08 --> ParseError: syntax error, unexpected variable "$routes"
in APPPATH\Config\Routes.php on line 11.
 1 SYSTEMPATH\CodeIgniter.php(810): CodeIgniter\Router\RouteCollection->loadRoutes()
 2 SYSTEMPATH\CodeIgniter.php(450): CodeIgniter\CodeIgniter->tryToRouteIt(null)
 3 SYSTEMPATH\CodeIgniter.php(361): CodeIgniter\CodeIgniter->handleRequest(null, Object(Config\Cache), false)
 4 FCPATH\index.php(79): CodeIgniter\CodeIgniter->run()
 5 SYSTEMPATH\Commands\Server\rewrite.php(47): require_once('H:\\ACA\\K TO P\\project\\public\\index.php')
CRITICAL - 2024-02-06 04:15:37 --> ErrorException: Undefined variable $room
in APPPATH\Views\admin\History.php on line 86.
 1 APPPATH\Views\admin\History.php(86): CodeIgniter\Debug\Exceptions->errorHandler(2, 'Undefined variable $room', 'H:\\ACA\\K TO P\\project\\app\\Views\\admin\\History.php', 86)
 2 SYSTEMPATH\View\View.php(228): include('H:\\ACA\\K TO P\\project\\app\\Views\\admin\\History.php')
 3 SYSTEMPATH\View\View.php(231): CodeIgniter\View\View->CodeIgniter\View\{closure}()
 4 SYSTEMPATH\Common.php(1178): CodeIgniter\View\View->render('admin/History', [], true)
 5 APPPATH\Controllers\HistoryControllers.php(20): view('admin/History', [...])
 6 SYSTEMPATH\CodeIgniter.php(941): App\Controllers\HistoryControllers->index()
 7 SYSTEMPATH\CodeIgniter.php(502): CodeIgniter\CodeIgniter->runController(Object(App\Controllers\HistoryControllers))
 8 SYSTEMPATH\CodeIgniter.php(361): CodeIgniter\CodeIgniter->handleRequest(null, Object(Config\Cache), false)
 9 FCPATH\index.php(79): CodeIgniter\CodeIgniter->run()
10 SYSTEMPATH\Commands\Server\rewrite.php(47): require_once('H:\\ACA\\K TO P\\project\\public\\index.php')
