INFO - 2024-02-12 01:37:07 --> Session: Class initialized using 'CodeIgniter\Session\Handlers\FileHandler' driver.
INFO - 2024-02-12 01:40:10 --> Session: Class initialized using 'CodeIgniter\Session\Handlers\FileHandler' driver.
INFO - 2024-02-12 01:40:11 --> Session: Class initialized using 'CodeIgniter\Session\Handlers\FileHandler' driver.
INFO - 2024-02-12 01:40:20 --> Session: Class initialized using 'CodeIgniter\Session\Handlers\FileHandler' driver.
INFO - 2024-02-12 01:40:20 --> Session: Class initialized using 'CodeIgniter\Session\Handlers\FileHandler' driver.
INFO - 2024-02-12 01:40:40 --> Session: Class initialized using 'CodeIgniter\Session\Handlers\FileHandler' driver.
INFO - 2024-02-12 01:42:47 --> Session: Class initialized using 'CodeIgniter\Session\Handlers\FileHandler' driver.
INFO - 2024-02-12 01:42:47 --> Session: Class initialized using 'CodeIgniter\Session\Handlers\FileHandler' driver.
INFO - 2024-02-12 01:42:55 --> Session: Class initialized using 'CodeIgniter\Session\Handlers\FileHandler' driver.
INFO - 2024-02-12 01:42:55 --> Session: Class initialized using 'CodeIgniter\Session\Handlers\FileHandler' driver.
INFO - 2024-02-12 01:43:14 --> Session: Class initialized using 'CodeIgniter\Session\Handlers\FileHandler' driver.
INFO - 2024-02-12 01:43:14 --> Session: Class initialized using 'CodeIgniter\Session\Handlers\FileHandler' driver.
INFO - 2024-02-12 01:43:23 --> Session: Class initialized using 'CodeIgniter\Session\Handlers\FileHandler' driver.
INFO - 2024-02-12 01:43:23 --> Session: Class initialized using 'CodeIgniter\Session\Handlers\FileHandler' driver.
CRITICAL - 2024-02-12 01:51:55 --> ArgumentCountError: Too few arguments to function App\Controllers\BokRoomController::request_detail(), 0 passed in H:\ACA\K TO P\project\system\CodeIgniter.php on line 941 and exactly 1 expected
in APPPATH\Controllers\BokRoomController.php on line 20.
 1 SYSTEMPATH\CodeIgniter.php(941): App\Controllers\BokRoomController->request_detail()
 2 SYSTEMPATH\CodeIgniter.php(502): CodeIgniter\CodeIgniter->runController(Object(App\Controllers\BokRoomController))
 3 SYSTEMPATH\CodeIgniter.php(361): CodeIgniter\CodeIgniter->handleRequest(null, Object(Config\Cache), false)
 4 FCPATH\index.php(79): CodeIgniter\CodeIgniter->run()
 5 SYSTEMPATH\Commands\Server\rewrite.php(47): require_once('H:\\ACA\\K TO P\\project\\public\\index.php')
CRITICAL - 2024-02-12 01:57:52 --> ArgumentCountError: Too few arguments to function App\Controllers\BokRoomController::request_detail(), 0 passed in H:\ACA\K TO P\project\system\CodeIgniter.php on line 941 and exactly 1 expected
in APPPATH\Controllers\BokRoomController.php on line 20.
 1 SYSTEMPATH\CodeIgniter.php(941): App\Controllers\BokRoomController->request_detail()
 2 SYSTEMPATH\CodeIgniter.php(502): CodeIgniter\CodeIgniter->runController(Object(App\Controllers\BokRoomController))
 3 SYSTEMPATH\CodeIgniter.php(361): CodeIgniter\CodeIgniter->handleRequest(null, Object(Config\Cache), false)
 4 FCPATH\index.php(79): CodeIgniter\CodeIgniter->run()
 5 SYSTEMPATH\Commands\Server\rewrite.php(47): require_once('H:\\ACA\\K TO P\\project\\public\\index.php')
CRITICAL - 2024-02-12 02:04:26 --> ArgumentCountError: Too few arguments to function App\Controllers\BokRoomController::request_detail(), 0 passed in H:\ACA\K TO P\project\system\CodeIgniter.php on line 941 and exactly 1 expected
in APPPATH\Controllers\BokRoomController.php on line 29.
 1 SYSTEMPATH\CodeIgniter.php(941): App\Controllers\BokRoomController->request_detail()
 2 SYSTEMPATH\CodeIgniter.php(502): CodeIgniter\CodeIgniter->runController(Object(App\Controllers\BokRoomController))
 3 SYSTEMPATH\CodeIgniter.php(361): CodeIgniter\CodeIgniter->handleRequest(null, Object(Config\Cache), false)
 4 FCPATH\index.php(79): CodeIgniter\CodeIgniter->run()
 5 SYSTEMPATH\Commands\Server\rewrite.php(47): require_once('H:\\ACA\\K TO P\\project\\public\\index.php')
CRITICAL - 2024-02-12 02:05:28 --> ErrorException: Undefined variable $bookingRoom
in APPPATH\Views\admin\detail_booking_room.php on line 62.
 1 APPPATH\Views\admin\detail_booking_room.php(62): CodeIgniter\Debug\Exceptions->errorHandler(2, 'Undefined variable $bookingRoom', 'H:\\ACA\\K TO P\\project\\app\\Views\\admin\\detail_booking_room.php', 62)
 2 SYSTEMPATH\View\View.php(228): include('H:\\ACA\\K TO P\\project\\app\\Views\\admin\\detail_booking_room.php')
 3 SYSTEMPATH\View\View.php(231): CodeIgniter\View\View->CodeIgniter\View\{closure}()
 4 SYSTEMPATH\Common.php(1178): CodeIgniter\View\View->render('admin/detail_booking_room', [], true)
 5 APPPATH\Controllers\BokRoomController.php(38): view('admin/detail_booking_room')
 6 SYSTEMPATH\CodeIgniter.php(941): App\Controllers\BokRoomController->request_detail('BR_001')
 7 SYSTEMPATH\CodeIgniter.php(502): CodeIgniter\CodeIgniter->runController(Object(App\Controllers\BokRoomController))
 8 SYSTEMPATH\CodeIgniter.php(361): CodeIgniter\CodeIgniter->handleRequest(null, Object(Config\Cache), false)
 9 FCPATH\index.php(79): CodeIgniter\CodeIgniter->run()
10 SYSTEMPATH\Commands\Server\rewrite.php(47): require_once('H:\\ACA\\K TO P\\project\\public\\index.php')
CRITICAL - 2024-02-12 02:06:46 --> ErrorException: Undefined variable $bookingRuangan
in APPPATH\Views\admin\detail_booking_room.php on line 62.
 1 APPPATH\Views\admin\detail_booking_room.php(62): CodeIgniter\Debug\Exceptions->errorHandler(2, 'Undefined variable $bookingRuangan', 'H:\\ACA\\K TO P\\project\\app\\Views\\admin\\detail_booking_room.php', 62)
 2 SYSTEMPATH\View\View.php(228): include('H:\\ACA\\K TO P\\project\\app\\Views\\admin\\detail_booking_room.php')
 3 SYSTEMPATH\View\View.php(231): CodeIgniter\View\View->CodeIgniter\View\{closure}()
 4 SYSTEMPATH\Common.php(1178): CodeIgniter\View\View->render('admin/detail_booking_room', [], true)
 5 APPPATH\Controllers\BokRoomController.php(38): view('admin/detail_booking_room')
 6 SYSTEMPATH\CodeIgniter.php(941): App\Controllers\BokRoomController->request_detail('BR_001')
 7 SYSTEMPATH\CodeIgniter.php(502): CodeIgniter\CodeIgniter->runController(Object(App\Controllers\BokRoomController))
 8 SYSTEMPATH\CodeIgniter.php(361): CodeIgniter\CodeIgniter->handleRequest(null, Object(Config\Cache), false)
 9 FCPATH\index.php(79): CodeIgniter\CodeIgniter->run()
10 SYSTEMPATH\Commands\Server\rewrite.php(47): require_once('H:\\ACA\\K TO P\\project\\public\\index.php')
CRITICAL - 2024-02-12 02:06:48 --> ErrorException: Undefined variable $bookingRuangan
in APPPATH\Views\admin\detail_booking_room.php on line 62.
 1 APPPATH\Views\admin\detail_booking_room.php(62): CodeIgniter\Debug\Exceptions->errorHandler(2, 'Undefined variable $bookingRuangan', 'H:\\ACA\\K TO P\\project\\app\\Views\\admin\\detail_booking_room.php', 62)
 2 SYSTEMPATH\View\View.php(228): include('H:\\ACA\\K TO P\\project\\app\\Views\\admin\\detail_booking_room.php')
 3 SYSTEMPATH\View\View.php(231): CodeIgniter\View\View->CodeIgniter\View\{closure}()
 4 SYSTEMPATH\Common.php(1178): CodeIgniter\View\View->render('admin/detail_booking_room', [], true)
 5 APPPATH\Controllers\BokRoomController.php(38): view('admin/detail_booking_room')
 6 SYSTEMPATH\CodeIgniter.php(941): App\Controllers\BokRoomController->request_detail('BR_001')
 7 SYSTEMPATH\CodeIgniter.php(502): CodeIgniter\CodeIgniter->runController(Object(App\Controllers\BokRoomController))
 8 SYSTEMPATH\CodeIgniter.php(361): CodeIgniter\CodeIgniter->handleRequest(null, Object(Config\Cache), false)
 9 FCPATH\index.php(79): CodeIgniter\CodeIgniter->run()
10 SYSTEMPATH\Commands\Server\rewrite.php(47): require_once('H:\\ACA\\K TO P\\project\\public\\index.php')
CRITICAL - 2024-02-12 02:07:12 --> ErrorException: Undefined variable $bookingRuangan
in APPPATH\Views\admin\detail_booking_room.php on line 62.
 1 APPPATH\Views\admin\detail_booking_room.php(62): CodeIgniter\Debug\Exceptions->errorHandler(2, 'Undefined variable $bookingRuangan', 'H:\\ACA\\K TO P\\project\\app\\Views\\admin\\detail_booking_room.php', 62)
 2 SYSTEMPATH\View\View.php(228): include('H:\\ACA\\K TO P\\project\\app\\Views\\admin\\detail_booking_room.php')
 3 SYSTEMPATH\View\View.php(231): CodeIgniter\View\View->CodeIgniter\View\{closure}()
 4 SYSTEMPATH\Common.php(1178): CodeIgniter\View\View->render('admin/detail_booking_room', [], true)
 5 APPPATH\Controllers\BokRoomController.php(38): view('admin/detail_booking_room')
 6 SYSTEMPATH\CodeIgniter.php(941): App\Controllers\BokRoomController->request_detail('BR_001')
 7 SYSTEMPATH\CodeIgniter.php(502): CodeIgniter\CodeIgniter->runController(Object(App\Controllers\BokRoomController))
 8 SYSTEMPATH\CodeIgniter.php(361): CodeIgniter\CodeIgniter->handleRequest(null, Object(Config\Cache), false)
 9 FCPATH\index.php(79): CodeIgniter\CodeIgniter->run()
10 SYSTEMPATH\Commands\Server\rewrite.php(47): require_once('H:\\ACA\\K TO P\\project\\public\\index.php')
CRITICAL - 2024-02-12 02:07:14 --> ErrorException: Undefined variable $bookingRuangan
in APPPATH\Views\admin\detail_booking_room.php on line 62.
 1 APPPATH\Views\admin\detail_booking_room.php(62): CodeIgniter\Debug\Exceptions->errorHandler(2, 'Undefined variable $bookingRuangan', 'H:\\ACA\\K TO P\\project\\app\\Views\\admin\\detail_booking_room.php', 62)
 2 SYSTEMPATH\View\View.php(228): include('H:\\ACA\\K TO P\\project\\app\\Views\\admin\\detail_booking_room.php')
 3 SYSTEMPATH\View\View.php(231): CodeIgniter\View\View->CodeIgniter\View\{closure}()
 4 SYSTEMPATH\Common.php(1178): CodeIgniter\View\View->render('admin/detail_booking_room', [], true)
 5 APPPATH\Controllers\BokRoomController.php(38): view('admin/detail_booking_room')
 6 SYSTEMPATH\CodeIgniter.php(941): App\Controllers\BokRoomController->request_detail('BR_001')
 7 SYSTEMPATH\CodeIgniter.php(502): CodeIgniter\CodeIgniter->runController(Object(App\Controllers\BokRoomController))
 8 SYSTEMPATH\CodeIgniter.php(361): CodeIgniter\CodeIgniter->handleRequest(null, Object(Config\Cache), false)
 9 FCPATH\index.php(79): CodeIgniter\CodeIgniter->run()
10 SYSTEMPATH\Commands\Server\rewrite.php(47): require_once('H:\\ACA\\K TO P\\project\\public\\index.php')
CRITICAL - 2024-02-12 02:07:39 --> ErrorException: Undefined variable $BR
in APPPATH\Views\admin\detail_booking_room.php on line 62.
 1 APPPATH\Views\admin\detail_booking_room.php(62): CodeIgniter\Debug\Exceptions->errorHandler(2, 'Undefined variable $BR', 'H:\\ACA\\K TO P\\project\\app\\Views\\admin\\detail_booking_room.php', 62)
 2 SYSTEMPATH\View\View.php(228): include('H:\\ACA\\K TO P\\project\\app\\Views\\admin\\detail_booking_room.php')
 3 SYSTEMPATH\View\View.php(231): CodeIgniter\View\View->CodeIgniter\View\{closure}()
 4 SYSTEMPATH\Common.php(1178): CodeIgniter\View\View->render('admin/detail_booking_room', [], true)
 5 APPPATH\Controllers\BokRoomController.php(38): view('admin/detail_booking_room')
 6 SYSTEMPATH\CodeIgniter.php(941): App\Controllers\BokRoomController->request_detail('BR_001')
 7 SYSTEMPATH\CodeIgniter.php(502): CodeIgniter\CodeIgniter->runController(Object(App\Controllers\BokRoomController))
 8 SYSTEMPATH\CodeIgniter.php(361): CodeIgniter\CodeIgniter->handleRequest(null, Object(Config\Cache), false)
 9 FCPATH\index.php(79): CodeIgniter\CodeIgniter->run()
10 SYSTEMPATH\Commands\Server\rewrite.php(47): require_once('H:\\ACA\\K TO P\\project\\public\\index.php')
CRITICAL - 2024-02-12 02:07:40 --> ErrorException: Undefined variable $BR
in APPPATH\Views\admin\detail_booking_room.php on line 62.
 1 APPPATH\Views\admin\detail_booking_room.php(62): CodeIgniter\Debug\Exceptions->errorHandler(2, 'Undefined variable $BR', 'H:\\ACA\\K TO P\\project\\app\\Views\\admin\\detail_booking_room.php', 62)
 2 SYSTEMPATH\View\View.php(228): include('H:\\ACA\\K TO P\\project\\app\\Views\\admin\\detail_booking_room.php')
 3 SYSTEMPATH\View\View.php(231): CodeIgniter\View\View->CodeIgniter\View\{closure}()
 4 SYSTEMPATH\Common.php(1178): CodeIgniter\View\View->render('admin/detail_booking_room', [], true)
 5 APPPATH\Controllers\BokRoomController.php(38): view('admin/detail_booking_room')
 6 SYSTEMPATH\CodeIgniter.php(941): App\Controllers\BokRoomController->request_detail('BR_001')
 7 SYSTEMPATH\CodeIgniter.php(502): CodeIgniter\CodeIgniter->runController(Object(App\Controllers\BokRoomController))
 8 SYSTEMPATH\CodeIgniter.php(361): CodeIgniter\CodeIgniter->handleRequest(null, Object(Config\Cache), false)
 9 FCPATH\index.php(79): CodeIgniter\CodeIgniter->run()
10 SYSTEMPATH\Commands\Server\rewrite.php(47): require_once('H:\\ACA\\K TO P\\project\\public\\index.php')
CRITICAL - 2024-02-12 02:08:44 --> ErrorException: Undefined variable $bookingRuangan
in APPPATH\Views\admin\detail_booking_room.php on line 62.
 1 APPPATH\Views\admin\detail_booking_room.php(62): CodeIgniter\Debug\Exceptions->errorHandler(2, 'Undefined variable $bookingRuangan', 'H:\\ACA\\K TO P\\project\\app\\Views\\admin\\detail_booking_room.php', 62)
 2 SYSTEMPATH\View\View.php(228): include('H:\\ACA\\K TO P\\project\\app\\Views\\admin\\detail_booking_room.php')
 3 SYSTEMPATH\View\View.php(231): CodeIgniter\View\View->CodeIgniter\View\{closure}()
 4 SYSTEMPATH\Common.php(1178): CodeIgniter\View\View->render('admin/detail_booking_room', [], true)
 5 APPPATH\Controllers\BokRoomController.php(38): view('admin/detail_booking_room')
 6 SYSTEMPATH\CodeIgniter.php(941): App\Controllers\BokRoomController->request_detail('BR_001')
 7 SYSTEMPATH\CodeIgniter.php(502): CodeIgniter\CodeIgniter->runController(Object(App\Controllers\BokRoomController))
 8 SYSTEMPATH\CodeIgniter.php(361): CodeIgniter\CodeIgniter->handleRequest(null, Object(Config\Cache), false)
 9 FCPATH\index.php(79): CodeIgniter\CodeIgniter->run()
10 SYSTEMPATH\Commands\Server\rewrite.php(47): require_once('H:\\ACA\\K TO P\\project\\public\\index.php')
CRITICAL - 2024-02-12 02:10:44 --> ErrorException: Undefined array key "pic"
in APPPATH\Views\admin\detail_booking_room.php on line 67.
 1 APPPATH\Views\admin\detail_booking_room.php(67): CodeIgniter\Debug\Exceptions->errorHandler(2, 'Undefined array key "pic"', 'H:\\ACA\\K TO P\\project\\app\\Views\\admin\\detail_booking_room.php', 67)
 2 SYSTEMPATH\View\View.php(228): include('H:\\ACA\\K TO P\\project\\app\\Views\\admin\\detail_booking_room.php')
 3 SYSTEMPATH\View\View.php(231): CodeIgniter\View\View->CodeIgniter\View\{closure}()
 4 SYSTEMPATH\Common.php(1178): CodeIgniter\View\View->render('admin/detail_booking_room', [], true)
 5 APPPATH\Controllers\BokRoomController.php(37): view('admin/detail_booking_room', [...])
 6 SYSTEMPATH\CodeIgniter.php(941): App\Controllers\BokRoomController->request_detail('BR_001')
 7 SYSTEMPATH\CodeIgniter.php(502): CodeIgniter\CodeIgniter->runController(Object(App\Controllers\BokRoomController))
 8 SYSTEMPATH\CodeIgniter.php(361): CodeIgniter\CodeIgniter->handleRequest(null, Object(Config\Cache), false)
 9 FCPATH\index.php(79): CodeIgniter\CodeIgniter->run()
10 SYSTEMPATH\Commands\Server\rewrite.php(47): require_once('H:\\ACA\\K TO P\\project\\public\\index.php')
CRITICAL - 2024-02-12 02:10:45 --> ErrorException: Undefined array key "pic"
in APPPATH\Views\admin\detail_booking_room.php on line 67.
 1 APPPATH\Views\admin\detail_booking_room.php(67): CodeIgniter\Debug\Exceptions->errorHandler(2, 'Undefined array key "pic"', 'H:\\ACA\\K TO P\\project\\app\\Views\\admin\\detail_booking_room.php', 67)
 2 SYSTEMPATH\View\View.php(228): include('H:\\ACA\\K TO P\\project\\app\\Views\\admin\\detail_booking_room.php')
 3 SYSTEMPATH\View\View.php(231): CodeIgniter\View\View->CodeIgniter\View\{closure}()
 4 SYSTEMPATH\Common.php(1178): CodeIgniter\View\View->render('admin/detail_booking_room', [], true)
 5 APPPATH\Controllers\BokRoomController.php(37): view('admin/detail_booking_room', [...])
 6 SYSTEMPATH\CodeIgniter.php(941): App\Controllers\BokRoomController->request_detail('BR_001')
 7 SYSTEMPATH\CodeIgniter.php(502): CodeIgniter\CodeIgniter->runController(Object(App\Controllers\BokRoomController))
 8 SYSTEMPATH\CodeIgniter.php(361): CodeIgniter\CodeIgniter->handleRequest(null, Object(Config\Cache), false)
 9 FCPATH\index.php(79): CodeIgniter\CodeIgniter->run()
10 SYSTEMPATH\Commands\Server\rewrite.php(47): require_once('H:\\ACA\\K TO P\\project\\public\\index.php')
CRITICAL - 2024-02-12 02:14:40 --> ErrorException: Undefined array key "jammulai"
in APPPATH\Views\admin\detail_booking_room.php on line 83.
 1 APPPATH\Views\admin\detail_booking_room.php(83): CodeIgniter\Debug\Exceptions->errorHandler(2, 'Undefined array key "jammulai"', 'H:\\ACA\\K TO P\\project\\app\\Views\\admin\\detail_booking_room.php', 83)
 2 SYSTEMPATH\View\View.php(228): include('H:\\ACA\\K TO P\\project\\app\\Views\\admin\\detail_booking_room.php')
 3 SYSTEMPATH\View\View.php(231): CodeIgniter\View\View->CodeIgniter\View\{closure}()
 4 SYSTEMPATH\Common.php(1178): CodeIgniter\View\View->render('admin/detail_booking_room', [], true)
 5 APPPATH\Controllers\BokRoomController.php(37): view('admin/detail_booking_room', [...])
 6 SYSTEMPATH\CodeIgniter.php(941): App\Controllers\BokRoomController->request_detail('BR_001')
 7 SYSTEMPATH\CodeIgniter.php(502): CodeIgniter\CodeIgniter->runController(Object(App\Controllers\BokRoomController))
 8 SYSTEMPATH\CodeIgniter.php(361): CodeIgniter\CodeIgniter->handleRequest(null, Object(Config\Cache), false)
 9 FCPATH\index.php(79): CodeIgniter\CodeIgniter->run()
10 SYSTEMPATH\Commands\Server\rewrite.php(47): require_once('H:\\ACA\\K TO P\\project\\public\\index.php')
CRITICAL - 2024-02-12 02:15:03 --> ErrorException: Undefined array key "jammulai"
in APPPATH\Views\admin\detail_booking_room.php on line 83.
 1 APPPATH\Views\admin\detail_booking_room.php(83): CodeIgniter\Debug\Exceptions->errorHandler(2, 'Undefined array key "jammulai"', 'H:\\ACA\\K TO P\\project\\app\\Views\\admin\\detail_booking_room.php', 83)
 2 SYSTEMPATH\View\View.php(228): include('H:\\ACA\\K TO P\\project\\app\\Views\\admin\\detail_booking_room.php')
 3 SYSTEMPATH\View\View.php(231): CodeIgniter\View\View->CodeIgniter\View\{closure}()
 4 SYSTEMPATH\Common.php(1178): CodeIgniter\View\View->render('admin/detail_booking_room', [], true)
 5 APPPATH\Controllers\BokRoomController.php(37): view('admin/detail_booking_room', [...])
 6 SYSTEMPATH\CodeIgniter.php(941): App\Controllers\BokRoomController->request_detail('BR_001')
 7 SYSTEMPATH\CodeIgniter.php(502): CodeIgniter\CodeIgniter->runController(Object(App\Controllers\BokRoomController))
 8 SYSTEMPATH\CodeIgniter.php(361): CodeIgniter\CodeIgniter->handleRequest(null, Object(Config\Cache), false)
 9 FCPATH\index.php(79): CodeIgniter\CodeIgniter->run()
10 SYSTEMPATH\Commands\Server\rewrite.php(47): require_once('H:\\ACA\\K TO P\\project\\public\\index.php')
CRITICAL - 2024-02-12 02:15:04 --> ErrorException: Undefined array key "jammulai"
in APPPATH\Views\admin\detail_booking_room.php on line 83.
 1 APPPATH\Views\admin\detail_booking_room.php(83): CodeIgniter\Debug\Exceptions->errorHandler(2, 'Undefined array key "jammulai"', 'H:\\ACA\\K TO P\\project\\app\\Views\\admin\\detail_booking_room.php', 83)
 2 SYSTEMPATH\View\View.php(228): include('H:\\ACA\\K TO P\\project\\app\\Views\\admin\\detail_booking_room.php')
 3 SYSTEMPATH\View\View.php(231): CodeIgniter\View\View->CodeIgniter\View\{closure}()
 4 SYSTEMPATH\Common.php(1178): CodeIgniter\View\View->render('admin/detail_booking_room', [], true)
 5 APPPATH\Controllers\BokRoomController.php(37): view('admin/detail_booking_room', [...])
 6 SYSTEMPATH\CodeIgniter.php(941): App\Controllers\BokRoomController->request_detail('BR_001')
 7 SYSTEMPATH\CodeIgniter.php(502): CodeIgniter\CodeIgniter->runController(Object(App\Controllers\BokRoomController))
 8 SYSTEMPATH\CodeIgniter.php(361): CodeIgniter\CodeIgniter->handleRequest(null, Object(Config\Cache), false)
 9 FCPATH\index.php(79): CodeIgniter\CodeIgniter->run()
10 SYSTEMPATH\Commands\Server\rewrite.php(47): require_once('H:\\ACA\\K TO P\\project\\public\\index.php')
CRITICAL - 2024-02-12 02:16:59 --> ErrorException: Trying to access array offset on value of type null
in APPPATH\Views\admin\detail_booking_driver.php on line 62.
 1 APPPATH\Views\admin\detail_booking_driver.php(62): CodeIgniter\Debug\Exceptions->errorHandler(2, 'Trying to access array offset on value of type null', 'H:\\ACA\\K TO P\\project\\app\\Views\\admin\\detail_booking_driver.php', 62)
 2 SYSTEMPATH\View\View.php(228): include('H:\\ACA\\K TO P\\project\\app\\Views\\admin\\detail_booking_driver.php')
 3 SYSTEMPATH\View\View.php(231): CodeIgniter\View\View->CodeIgniter\View\{closure}()
 4 SYSTEMPATH\Common.php(1178): CodeIgniter\View\View->render('admin/detail_booking_driver', [], true)
 5 APPPATH\Controllers\BokDriver.php(42): view('admin/detail_booking_driver', [...])
 6 SYSTEMPATH\CodeIgniter.php(941): App\Controllers\BokDriver->detail_booking_driver('{$bookingId}')
 7 SYSTEMPATH\CodeIgniter.php(502): CodeIgniter\CodeIgniter->runController(Object(App\Controllers\BokDriver))
 8 SYSTEMPATH\CodeIgniter.php(361): CodeIgniter\CodeIgniter->handleRequest(null, Object(Config\Cache), false)
 9 FCPATH\index.php(79): CodeIgniter\CodeIgniter->run()
10 SYSTEMPATH\Commands\Server\rewrite.php(47): require_once('H:\\ACA\\K TO P\\project\\public\\index.php')
CRITICAL - 2024-02-12 02:18:46 --> ErrorException: Trying to access array offset on value of type null
in APPPATH\Views\admin\detail_booking_driver.php on line 62.
 1 APPPATH\Views\admin\detail_booking_driver.php(62): CodeIgniter\Debug\Exceptions->errorHandler(2, 'Trying to access array offset on value of type null', 'H:\\ACA\\K TO P\\project\\app\\Views\\admin\\detail_booking_driver.php', 62)
 2 SYSTEMPATH\View\View.php(228): include('H:\\ACA\\K TO P\\project\\app\\Views\\admin\\detail_booking_driver.php')
 3 SYSTEMPATH\View\View.php(231): CodeIgniter\View\View->CodeIgniter\View\{closure}()
 4 SYSTEMPATH\Common.php(1178): CodeIgniter\View\View->render('admin/detail_booking_driver', [], true)
 5 APPPATH\Controllers\BokDriver.php(42): view('admin/detail_booking_driver', [...])
 6 SYSTEMPATH\CodeIgniter.php(941): App\Controllers\BokDriver->detail_booking_driver('{$bookingId}')
 7 SYSTEMPATH\CodeIgniter.php(502): CodeIgniter\CodeIgniter->runController(Object(App\Controllers\BokDriver))
 8 SYSTEMPATH\CodeIgniter.php(361): CodeIgniter\CodeIgniter->handleRequest(null, Object(Config\Cache), false)
 9 FCPATH\index.php(79): CodeIgniter\CodeIgniter->run()
10 SYSTEMPATH\Commands\Server\rewrite.php(47): require_once('H:\\ACA\\K TO P\\project\\public\\index.php')
CRITICAL - 2024-02-12 02:20:03 --> ErrorException: Trying to access array offset on value of type null
in APPPATH\Views\admin\detail_booking_driver.php on line 62.
 1 APPPATH\Views\admin\detail_booking_driver.php(62): CodeIgniter\Debug\Exceptions->errorHandler(2, 'Trying to access array offset on value of type null', 'H:\\ACA\\K TO P\\project\\app\\Views\\admin\\detail_booking_driver.php', 62)
 2 SYSTEMPATH\View\View.php(228): include('H:\\ACA\\K TO P\\project\\app\\Views\\admin\\detail_booking_driver.php')
 3 SYSTEMPATH\View\View.php(231): CodeIgniter\View\View->CodeIgniter\View\{closure}()
 4 SYSTEMPATH\Common.php(1178): CodeIgniter\View\View->render('admin/detail_booking_driver', [], true)
 5 APPPATH\Controllers\BokDriver.php(42): view('admin/detail_booking_driver', [...])
 6 SYSTEMPATH\CodeIgniter.php(941): App\Controllers\BokDriver->detail_booking_driver('{$bookingId}')
 7 SYSTEMPATH\CodeIgniter.php(502): CodeIgniter\CodeIgniter->runController(Object(App\Controllers\BokDriver))
 8 SYSTEMPATH\CodeIgniter.php(361): CodeIgniter\CodeIgniter->handleRequest(null, Object(Config\Cache), false)
 9 FCPATH\index.php(79): CodeIgniter\CodeIgniter->run()
10 SYSTEMPATH\Commands\Server\rewrite.php(47): require_once('H:\\ACA\\K TO P\\project\\public\\index.php')
CRITICAL - 2024-02-12 02:20:45 --> ErrorException: Trying to access array offset on value of type null
in APPPATH\Views\admin\detail_booking_driver.php on line 62.
 1 APPPATH\Views\admin\detail_booking_driver.php(62): CodeIgniter\Debug\Exceptions->errorHandler(2, 'Trying to access array offset on value of type null', 'H:\\ACA\\K TO P\\project\\app\\Views\\admin\\detail_booking_driver.php', 62)
 2 SYSTEMPATH\View\View.php(228): include('H:\\ACA\\K TO P\\project\\app\\Views\\admin\\detail_booking_driver.php')
 3 SYSTEMPATH\View\View.php(231): CodeIgniter\View\View->CodeIgniter\View\{closure}()
 4 SYSTEMPATH\Common.php(1178): CodeIgniter\View\View->render('admin/detail_booking_driver', [], true)
 5 APPPATH\Controllers\BokDriver.php(42): view('admin/detail_booking_driver', [...])
 6 SYSTEMPATH\CodeIgniter.php(941): App\Controllers\BokDriver->detail_booking_driver('{$bookingId}')
 7 SYSTEMPATH\CodeIgniter.php(502): CodeIgniter\CodeIgniter->runController(Object(App\Controllers\BokDriver))
 8 SYSTEMPATH\CodeIgniter.php(361): CodeIgniter\CodeIgniter->handleRequest(null, Object(Config\Cache), false)
 9 FCPATH\index.php(79): CodeIgniter\CodeIgniter->run()
10 SYSTEMPATH\Commands\Server\rewrite.php(47): require_once('H:\\ACA\\K TO P\\project\\public\\index.php')
CRITICAL - 2024-02-12 02:26:31 --> ErrorException: Trying to access array offset on value of type null
in APPPATH\Views\admin\detail_booking_driver.php on line 62.
 1 APPPATH\Views\admin\detail_booking_driver.php(62): CodeIgniter\Debug\Exceptions->errorHandler(2, 'Trying to access array offset on value of type null', 'H:\\ACA\\K TO P\\project\\app\\Views\\admin\\detail_booking_driver.php', 62)
 2 SYSTEMPATH\View\View.php(228): include('H:\\ACA\\K TO P\\project\\app\\Views\\admin\\detail_booking_driver.php')
 3 SYSTEMPATH\View\View.php(231): CodeIgniter\View\View->CodeIgniter\View\{closure}()
 4 SYSTEMPATH\Common.php(1178): CodeIgniter\View\View->render('admin/detail_booking_driver', [], true)
 5 APPPATH\Controllers\BokDriver.php(42): view('admin/detail_booking_driver', [...])
 6 SYSTEMPATH\CodeIgniter.php(941): App\Controllers\BokDriver->detail_booking_driver('{$bookingId}')
 7 SYSTEMPATH\CodeIgniter.php(502): CodeIgniter\CodeIgniter->runController(Object(App\Controllers\BokDriver))
 8 SYSTEMPATH\CodeIgniter.php(361): CodeIgniter\CodeIgniter->handleRequest(null, Object(Config\Cache), false)
 9 FCPATH\index.php(79): CodeIgniter\CodeIgniter->run()
10 SYSTEMPATH\Commands\Server\rewrite.php(47): require_once('H:\\ACA\\K TO P\\project\\public\\index.php')
CRITICAL - 2024-02-12 02:27:25 --> ErrorException: Trying to access array offset on value of type null
in APPPATH\Views\admin\detail_booking_driver.php on line 62.
 1 APPPATH\Views\admin\detail_booking_driver.php(62): CodeIgniter\Debug\Exceptions->errorHandler(2, 'Trying to access array offset on value of type null', 'H:\\ACA\\K TO P\\project\\app\\Views\\admin\\detail_booking_driver.php', 62)
 2 SYSTEMPATH\View\View.php(228): include('H:\\ACA\\K TO P\\project\\app\\Views\\admin\\detail_booking_driver.php')
 3 SYSTEMPATH\View\View.php(231): CodeIgniter\View\View->CodeIgniter\View\{closure}()
 4 SYSTEMPATH\Common.php(1178): CodeIgniter\View\View->render('admin/detail_booking_driver', [], true)
 5 APPPATH\Controllers\BokDriver.php(42): view('admin/detail_booking_driver', [...])
 6 SYSTEMPATH\CodeIgniter.php(941): App\Controllers\BokDriver->detail_booking_driver('{$bookingId}')
 7 SYSTEMPATH\CodeIgniter.php(502): CodeIgniter\CodeIgniter->runController(Object(App\Controllers\BokDriver))
 8 SYSTEMPATH\CodeIgniter.php(361): CodeIgniter\CodeIgniter->handleRequest(null, Object(Config\Cache), false)
 9 FCPATH\index.php(79): CodeIgniter\CodeIgniter->run()
10 SYSTEMPATH\Commands\Server\rewrite.php(47): require_once('H:\\ACA\\K TO P\\project\\public\\index.php')
CRITICAL - 2024-02-12 02:27:35 --> ErrorException: Trying to access array offset on value of type null
in APPPATH\Views\admin\detail_booking_driver.php on line 62.
 1 APPPATH\Views\admin\detail_booking_driver.php(62): CodeIgniter\Debug\Exceptions->errorHandler(2, 'Trying to access array offset on value of type null', 'H:\\ACA\\K TO P\\project\\app\\Views\\admin\\detail_booking_driver.php', 62)
 2 SYSTEMPATH\View\View.php(228): include('H:\\ACA\\K TO P\\project\\app\\Views\\admin\\detail_booking_driver.php')
 3 SYSTEMPATH\View\View.php(231): CodeIgniter\View\View->CodeIgniter\View\{closure}()
 4 SYSTEMPATH\Common.php(1178): CodeIgniter\View\View->render('admin/detail_booking_driver', [], true)
 5 APPPATH\Controllers\BokDriver.php(42): view('admin/detail_booking_driver', [...])
 6 SYSTEMPATH\CodeIgniter.php(941): App\Controllers\BokDriver->detail_booking_driver('{$bookingId}')
 7 SYSTEMPATH\CodeIgniter.php(502): CodeIgniter\CodeIgniter->runController(Object(App\Controllers\BokDriver))
 8 SYSTEMPATH\CodeIgniter.php(361): CodeIgniter\CodeIgniter->handleRequest(null, Object(Config\Cache), false)
 9 FCPATH\index.php(79): CodeIgniter\CodeIgniter->run()
10 SYSTEMPATH\Commands\Server\rewrite.php(47): require_once('H:\\ACA\\K TO P\\project\\public\\index.php')
CRITICAL - 2024-02-12 02:27:54 --> ErrorException: Trying to access array offset on value of type null
in APPPATH\Views\admin\detail_booking_room.php on line 62.
 1 APPPATH\Views\admin\detail_booking_room.php(62): CodeIgniter\Debug\Exceptions->errorHandler(2, 'Trying to access array offset on value of type null', 'H:\\ACA\\K TO P\\project\\app\\Views\\admin\\detail_booking_room.php', 62)
 2 SYSTEMPATH\View\View.php(228): include('H:\\ACA\\K TO P\\project\\app\\Views\\admin\\detail_booking_room.php')
 3 SYSTEMPATH\View\View.php(231): CodeIgniter\View\View->CodeIgniter\View\{closure}()
 4 SYSTEMPATH\Common.php(1178): CodeIgniter\View\View->render('admin/detail_booking_room', [], true)
 5 APPPATH\Controllers\BokRoomController.php(37): view('admin/detail_booking_room', [...])
 6 SYSTEMPATH\CodeIgniter.php(941): App\Controllers\BokRoomController->request_detail('BookingRequest')
 7 SYSTEMPATH\CodeIgniter.php(502): CodeIgniter\CodeIgniter->runController(Object(App\Controllers\BokRoomController))
 8 SYSTEMPATH\CodeIgniter.php(361): CodeIgniter\CodeIgniter->handleRequest(null, Object(Config\Cache), false)
 9 FCPATH\index.php(79): CodeIgniter\CodeIgniter->run()
10 SYSTEMPATH\Commands\Server\rewrite.php(47): require_once('H:\\ACA\\K TO P\\project\\public\\index.php')
CRITICAL - 2024-02-12 02:28:00 --> ErrorException: Trying to access array offset on value of type null
in APPPATH\Views\admin\detail_booking_room.php on line 62.
 1 APPPATH\Views\admin\detail_booking_room.php(62): CodeIgniter\Debug\Exceptions->errorHandler(2, 'Trying to access array offset on value of type null', 'H:\\ACA\\K TO P\\project\\app\\Views\\admin\\detail_booking_room.php', 62)
 2 SYSTEMPATH\View\View.php(228): include('H:\\ACA\\K TO P\\project\\app\\Views\\admin\\detail_booking_room.php')
 3 SYSTEMPATH\View\View.php(231): CodeIgniter\View\View->CodeIgniter\View\{closure}()
 4 SYSTEMPATH\Common.php(1178): CodeIgniter\View\View->render('admin/detail_booking_room', [], true)
 5 APPPATH\Controllers\BokRoomController.php(37): view('admin/detail_booking_room', [...])
 6 SYSTEMPATH\CodeIgniter.php(941): App\Controllers\BokRoomController->request_detail('BookingRequest')
 7 SYSTEMPATH\CodeIgniter.php(502): CodeIgniter\CodeIgniter->runController(Object(App\Controllers\BokRoomController))
 8 SYSTEMPATH\CodeIgniter.php(361): CodeIgniter\CodeIgniter->handleRequest(null, Object(Config\Cache), false)
 9 FCPATH\index.php(79): CodeIgniter\CodeIgniter->run()
10 SYSTEMPATH\Commands\Server\rewrite.php(47): require_once('H:\\ACA\\K TO P\\project\\public\\index.php')
INFO - 2024-02-12 02:28:17 --> Session: Class initialized using 'CodeIgniter\Session\Handlers\FileHandler' driver.
INFO - 2024-02-12 02:28:21 --> Session: Class initialized using 'CodeIgniter\Session\Handlers\FileHandler' driver.
INFO - 2024-02-12 02:28:21 --> Session: Class initialized using 'CodeIgniter\Session\Handlers\FileHandler' driver.
CRITICAL - 2024-02-12 02:28:38 --> ErrorException: Trying to access array offset on value of type null
in APPPATH\Views\admin\detail_booking_driver.php on line 62.
 1 APPPATH\Views\admin\detail_booking_driver.php(62): CodeIgniter\Debug\Exceptions->errorHandler(2, 'Trying to access array offset on value of type null', 'H:\\ACA\\K TO P\\project\\app\\Views\\admin\\detail_booking_driver.php', 62)
 2 SYSTEMPATH\View\View.php(228): include('H:\\ACA\\K TO P\\project\\app\\Views\\admin\\detail_booking_driver.php')
 3 SYSTEMPATH\View\View.php(231): CodeIgniter\View\View->CodeIgniter\View\{closure}()
 4 SYSTEMPATH\Common.php(1178): CodeIgniter\View\View->render('admin/detail_booking_driver', [], true)
 5 APPPATH\Controllers\BokDriver.php(42): view('admin/detail_booking_driver', [...])
 6 SYSTEMPATH\CodeIgniter.php(941): App\Controllers\BokDriver->detail_booking_driver('{$bookingId}')
 7 SYSTEMPATH\CodeIgniter.php(502): CodeIgniter\CodeIgniter->runController(Object(App\Controllers\BokDriver))
 8 SYSTEMPATH\CodeIgniter.php(361): CodeIgniter\CodeIgniter->handleRequest(null, Object(Config\Cache), false)
 9 FCPATH\index.php(79): CodeIgniter\CodeIgniter->run()
10 SYSTEMPATH\Commands\Server\rewrite.php(47): require_once('H:\\ACA\\K TO P\\project\\public\\index.php')
CRITICAL - 2024-02-12 02:28:43 --> ErrorException: Trying to access array offset on value of type null
in APPPATH\Views\admin\detail_booking_driver.php on line 62.
 1 APPPATH\Views\admin\detail_booking_driver.php(62): CodeIgniter\Debug\Exceptions->errorHandler(2, 'Trying to access array offset on value of type null', 'H:\\ACA\\K TO P\\project\\app\\Views\\admin\\detail_booking_driver.php', 62)
 2 SYSTEMPATH\View\View.php(228): include('H:\\ACA\\K TO P\\project\\app\\Views\\admin\\detail_booking_driver.php')
 3 SYSTEMPATH\View\View.php(231): CodeIgniter\View\View->CodeIgniter\View\{closure}()
 4 SYSTEMPATH\Common.php(1178): CodeIgniter\View\View->render('admin/detail_booking_driver', [], true)
 5 APPPATH\Controllers\BokDriver.php(42): view('admin/detail_booking_driver', [...])
 6 SYSTEMPATH\CodeIgniter.php(941): App\Controllers\BokDriver->detail_booking_driver('{$bookingId}')
 7 SYSTEMPATH\CodeIgniter.php(502): CodeIgniter\CodeIgniter->runController(Object(App\Controllers\BokDriver))
 8 SYSTEMPATH\CodeIgniter.php(361): CodeIgniter\CodeIgniter->handleRequest(null, Object(Config\Cache), false)
 9 FCPATH\index.php(79): CodeIgniter\CodeIgniter->run()
10 SYSTEMPATH\Commands\Server\rewrite.php(47): require_once('H:\\ACA\\K TO P\\project\\public\\index.php')
CRITICAL - 2024-02-12 02:28:44 --> ErrorException: Trying to access array offset on value of type null
in APPPATH\Views\admin\detail_booking_driver.php on line 62.
 1 APPPATH\Views\admin\detail_booking_driver.php(62): CodeIgniter\Debug\Exceptions->errorHandler(2, 'Trying to access array offset on value of type null', 'H:\\ACA\\K TO P\\project\\app\\Views\\admin\\detail_booking_driver.php', 62)
 2 SYSTEMPATH\View\View.php(228): include('H:\\ACA\\K TO P\\project\\app\\Views\\admin\\detail_booking_driver.php')
 3 SYSTEMPATH\View\View.php(231): CodeIgniter\View\View->CodeIgniter\View\{closure}()
 4 SYSTEMPATH\Common.php(1178): CodeIgniter\View\View->render('admin/detail_booking_driver', [], true)
 5 APPPATH\Controllers\BokDriver.php(42): view('admin/detail_booking_driver', [...])
 6 SYSTEMPATH\CodeIgniter.php(941): App\Controllers\BokDriver->detail_booking_driver('{$bookingId}')
 7 SYSTEMPATH\CodeIgniter.php(502): CodeIgniter\CodeIgniter->runController(Object(App\Controllers\BokDriver))
 8 SYSTEMPATH\CodeIgniter.php(361): CodeIgniter\CodeIgniter->handleRequest(null, Object(Config\Cache), false)
 9 FCPATH\index.php(79): CodeIgniter\CodeIgniter->run()
10 SYSTEMPATH\Commands\Server\rewrite.php(47): require_once('H:\\ACA\\K TO P\\project\\public\\index.php')
CRITICAL - 2024-02-12 02:29:44 --> ErrorException: Trying to access array offset on value of type null
in APPPATH\Views\admin\detail_booking_driver.php on line 62.
 1 APPPATH\Views\admin\detail_booking_driver.php(62): CodeIgniter\Debug\Exceptions->errorHandler(2, 'Trying to access array offset on value of type null', 'H:\\ACA\\K TO P\\project\\app\\Views\\admin\\detail_booking_driver.php', 62)
 2 SYSTEMPATH\View\View.php(228): include('H:\\ACA\\K TO P\\project\\app\\Views\\admin\\detail_booking_driver.php')
 3 SYSTEMPATH\View\View.php(231): CodeIgniter\View\View->CodeIgniter\View\{closure}()
 4 SYSTEMPATH\Common.php(1178): CodeIgniter\View\View->render('admin/detail_booking_driver', [], true)
 5 APPPATH\Controllers\BokDriver.php(42): view('admin/detail_booking_driver', [...])
 6 SYSTEMPATH\CodeIgniter.php(941): App\Controllers\BokDriver->detail_booking_driver('{$bookingId}')
 7 SYSTEMPATH\CodeIgniter.php(502): CodeIgniter\CodeIgniter->runController(Object(App\Controllers\BokDriver))
 8 SYSTEMPATH\CodeIgniter.php(361): CodeIgniter\CodeIgniter->handleRequest(null, Object(Config\Cache), false)
 9 FCPATH\index.php(79): CodeIgniter\CodeIgniter->run()
10 SYSTEMPATH\Commands\Server\rewrite.php(47): require_once('H:\\ACA\\K TO P\\project\\public\\index.php')
CRITICAL - 2024-02-12 02:29:45 --> ErrorException: Trying to access array offset on value of type null
in APPPATH\Views\admin\detail_booking_driver.php on line 62.
 1 APPPATH\Views\admin\detail_booking_driver.php(62): CodeIgniter\Debug\Exceptions->errorHandler(2, 'Trying to access array offset on value of type null', 'H:\\ACA\\K TO P\\project\\app\\Views\\admin\\detail_booking_driver.php', 62)
 2 SYSTEMPATH\View\View.php(228): include('H:\\ACA\\K TO P\\project\\app\\Views\\admin\\detail_booking_driver.php')
 3 SYSTEMPATH\View\View.php(231): CodeIgniter\View\View->CodeIgniter\View\{closure}()
 4 SYSTEMPATH\Common.php(1178): CodeIgniter\View\View->render('admin/detail_booking_driver', [], true)
 5 APPPATH\Controllers\BokDriver.php(42): view('admin/detail_booking_driver', [...])
 6 SYSTEMPATH\CodeIgniter.php(941): App\Controllers\BokDriver->detail_booking_driver('{$bookingId}')
 7 SYSTEMPATH\CodeIgniter.php(502): CodeIgniter\CodeIgniter->runController(Object(App\Controllers\BokDriver))
 8 SYSTEMPATH\CodeIgniter.php(361): CodeIgniter\CodeIgniter->handleRequest(null, Object(Config\Cache), false)
 9 FCPATH\index.php(79): CodeIgniter\CodeIgniter->run()
10 SYSTEMPATH\Commands\Server\rewrite.php(47): require_once('H:\\ACA\\K TO P\\project\\public\\index.php')
CRITICAL - 2024-02-12 02:29:54 --> ErrorException: Trying to access array offset on value of type null
in APPPATH\Views\admin\detail_booking_driver.php on line 62.
 1 APPPATH\Views\admin\detail_booking_driver.php(62): CodeIgniter\Debug\Exceptions->errorHandler(2, 'Trying to access array offset on value of type null', 'H:\\ACA\\K TO P\\project\\app\\Views\\admin\\detail_booking_driver.php', 62)
 2 SYSTEMPATH\View\View.php(228): include('H:\\ACA\\K TO P\\project\\app\\Views\\admin\\detail_booking_driver.php')
 3 SYSTEMPATH\View\View.php(231): CodeIgniter\View\View->CodeIgniter\View\{closure}()
 4 SYSTEMPATH\Common.php(1178): CodeIgniter\View\View->render('admin/detail_booking_driver', [], true)
 5 APPPATH\Controllers\BokDriver.php(42): view('admin/detail_booking_driver', [...])
 6 SYSTEMPATH\CodeIgniter.php(941): App\Controllers\BokDriver->detail_booking_driver('{$bookingId}')
 7 SYSTEMPATH\CodeIgniter.php(502): CodeIgniter\CodeIgniter->runController(Object(App\Controllers\BokDriver))
 8 SYSTEMPATH\CodeIgniter.php(361): CodeIgniter\CodeIgniter->handleRequest(null, Object(Config\Cache), false)
 9 FCPATH\index.php(79): CodeIgniter\CodeIgniter->run()
10 SYSTEMPATH\Commands\Server\rewrite.php(47): require_once('H:\\ACA\\K TO P\\project\\public\\index.php')
CRITICAL - 2024-02-12 02:30:29 --> ErrorException: Trying to access array offset on value of type null
in APPPATH\Views\admin\detail_booking_driver.php on line 62.
 1 APPPATH\Views\admin\detail_booking_driver.php(62): CodeIgniter\Debug\Exceptions->errorHandler(2, 'Trying to access array offset on value of type null', 'H:\\ACA\\K TO P\\project\\app\\Views\\admin\\detail_booking_driver.php', 62)
 2 SYSTEMPATH\View\View.php(228): include('H:\\ACA\\K TO P\\project\\app\\Views\\admin\\detail_booking_driver.php')
 3 SYSTEMPATH\View\View.php(231): CodeIgniter\View\View->CodeIgniter\View\{closure}()
 4 SYSTEMPATH\Common.php(1178): CodeIgniter\View\View->render('admin/detail_booking_driver', [], true)
 5 APPPATH\Controllers\BokDriver.php(42): view('admin/detail_booking_driver', [...])
 6 SYSTEMPATH\CodeIgniter.php(941): App\Controllers\BokDriver->detail_booking_driver('{$bookingId}')
 7 SYSTEMPATH\CodeIgniter.php(502): CodeIgniter\CodeIgniter->runController(Object(App\Controllers\BokDriver))
 8 SYSTEMPATH\CodeIgniter.php(361): CodeIgniter\CodeIgniter->handleRequest(null, Object(Config\Cache), false)
 9 FCPATH\index.php(79): CodeIgniter\CodeIgniter->run()
10 SYSTEMPATH\Commands\Server\rewrite.php(47): require_once('H:\\ACA\\K TO P\\project\\public\\index.php')
CRITICAL - 2024-02-12 02:30:30 --> ErrorException: Trying to access array offset on value of type null
in APPPATH\Views\admin\detail_booking_driver.php on line 62.
 1 APPPATH\Views\admin\detail_booking_driver.php(62): CodeIgniter\Debug\Exceptions->errorHandler(2, 'Trying to access array offset on value of type null', 'H:\\ACA\\K TO P\\project\\app\\Views\\admin\\detail_booking_driver.php', 62)
 2 SYSTEMPATH\View\View.php(228): include('H:\\ACA\\K TO P\\project\\app\\Views\\admin\\detail_booking_driver.php')
 3 SYSTEMPATH\View\View.php(231): CodeIgniter\View\View->CodeIgniter\View\{closure}()
 4 SYSTEMPATH\Common.php(1178): CodeIgniter\View\View->render('admin/detail_booking_driver', [], true)
 5 APPPATH\Controllers\BokDriver.php(42): view('admin/detail_booking_driver', [...])
 6 SYSTEMPATH\CodeIgniter.php(941): App\Controllers\BokDriver->detail_booking_driver('{$bookingId}')
 7 SYSTEMPATH\CodeIgniter.php(502): CodeIgniter\CodeIgniter->runController(Object(App\Controllers\BokDriver))
 8 SYSTEMPATH\CodeIgniter.php(361): CodeIgniter\CodeIgniter->handleRequest(null, Object(Config\Cache), false)
 9 FCPATH\index.php(79): CodeIgniter\CodeIgniter->run()
10 SYSTEMPATH\Commands\Server\rewrite.php(47): require_once('H:\\ACA\\K TO P\\project\\public\\index.php')
CRITICAL - 2024-02-12 02:30:34 --> ErrorException: Trying to access array offset on value of type null
in APPPATH\Views\admin\detail_booking_driver.php on line 62.
 1 APPPATH\Views\admin\detail_booking_driver.php(62): CodeIgniter\Debug\Exceptions->errorHandler(2, 'Trying to access array offset on value of type null', 'H:\\ACA\\K TO P\\project\\app\\Views\\admin\\detail_booking_driver.php', 62)
 2 SYSTEMPATH\View\View.php(228): include('H:\\ACA\\K TO P\\project\\app\\Views\\admin\\detail_booking_driver.php')
 3 SYSTEMPATH\View\View.php(231): CodeIgniter\View\View->CodeIgniter\View\{closure}()
 4 SYSTEMPATH\Common.php(1178): CodeIgniter\View\View->render('admin/detail_booking_driver', [], true)
 5 APPPATH\Controllers\BokDriver.php(42): view('admin/detail_booking_driver', [...])
 6 SYSTEMPATH\CodeIgniter.php(941): App\Controllers\BokDriver->detail_booking_driver('{$bookingId}')
 7 SYSTEMPATH\CodeIgniter.php(502): CodeIgniter\CodeIgniter->runController(Object(App\Controllers\BokDriver))
 8 SYSTEMPATH\CodeIgniter.php(361): CodeIgniter\CodeIgniter->handleRequest(null, Object(Config\Cache), false)
 9 FCPATH\index.php(79): CodeIgniter\CodeIgniter->run()
10 SYSTEMPATH\Commands\Server\rewrite.php(47): require_once('H:\\ACA\\K TO P\\project\\public\\index.php')
CRITICAL - 2024-02-12 02:32:52 --> ErrorException: Trying to access array offset on value of type null
in APPPATH\Views\admin\detail_booking_driver.php on line 62.
 1 APPPATH\Views\admin\detail_booking_driver.php(62): CodeIgniter\Debug\Exceptions->errorHandler(2, 'Trying to access array offset on value of type null', 'H:\\ACA\\K TO P\\project\\app\\Views\\admin\\detail_booking_driver.php', 62)
 2 SYSTEMPATH\View\View.php(228): include('H:\\ACA\\K TO P\\project\\app\\Views\\admin\\detail_booking_driver.php')
 3 SYSTEMPATH\View\View.php(231): CodeIgniter\View\View->CodeIgniter\View\{closure}()
 4 SYSTEMPATH\Common.php(1178): CodeIgniter\View\View->render('admin/detail_booking_driver', [], true)
 5 APPPATH\Controllers\BokDriver.php(42): view('admin/detail_booking_driver', [...])
 6 SYSTEMPATH\CodeIgniter.php(941): App\Controllers\BokDriver->detail_booking_driver('{$bookingId}')
 7 SYSTEMPATH\CodeIgniter.php(502): CodeIgniter\CodeIgniter->runController(Object(App\Controllers\BokDriver))
 8 SYSTEMPATH\CodeIgniter.php(361): CodeIgniter\CodeIgniter->handleRequest(null, Object(Config\Cache), false)
 9 FCPATH\index.php(79): CodeIgniter\CodeIgniter->run()
10 SYSTEMPATH\Commands\Server\rewrite.php(47): require_once('H:\\ACA\\K TO P\\project\\public\\index.php')
CRITICAL - 2024-02-12 02:32:57 --> ErrorException: Trying to access array offset on value of type null
in APPPATH\Views\admin\detail_booking_driver.php on line 62.
 1 APPPATH\Views\admin\detail_booking_driver.php(62): CodeIgniter\Debug\Exceptions->errorHandler(2, 'Trying to access array offset on value of type null', 'H:\\ACA\\K TO P\\project\\app\\Views\\admin\\detail_booking_driver.php', 62)
 2 SYSTEMPATH\View\View.php(228): include('H:\\ACA\\K TO P\\project\\app\\Views\\admin\\detail_booking_driver.php')
 3 SYSTEMPATH\View\View.php(231): CodeIgniter\View\View->CodeIgniter\View\{closure}()
 4 SYSTEMPATH\Common.php(1178): CodeIgniter\View\View->render('admin/detail_booking_driver', [], true)
 5 APPPATH\Controllers\BokDriver.php(42): view('admin/detail_booking_driver', [...])
 6 SYSTEMPATH\CodeIgniter.php(941): App\Controllers\BokDriver->detail_booking_driver('{$bookingId}')
 7 SYSTEMPATH\CodeIgniter.php(502): CodeIgniter\CodeIgniter->runController(Object(App\Controllers\BokDriver))
 8 SYSTEMPATH\CodeIgniter.php(361): CodeIgniter\CodeIgniter->handleRequest(null, Object(Config\Cache), false)
 9 FCPATH\index.php(79): CodeIgniter\CodeIgniter->run()
10 SYSTEMPATH\Commands\Server\rewrite.php(47): require_once('H:\\ACA\\K TO P\\project\\public\\index.php')
CRITICAL - 2024-02-12 02:33:25 --> ErrorException: Trying to access array offset on value of type null
in APPPATH\Views\admin\detail_booking_room.php on line 62.
 1 APPPATH\Views\admin\detail_booking_room.php(62): CodeIgniter\Debug\Exceptions->errorHandler(2, 'Trying to access array offset on value of type null', 'H:\\ACA\\K TO P\\project\\app\\Views\\admin\\detail_booking_room.php', 62)
 2 SYSTEMPATH\View\View.php(228): include('H:\\ACA\\K TO P\\project\\app\\Views\\admin\\detail_booking_room.php')
 3 SYSTEMPATH\View\View.php(231): CodeIgniter\View\View->CodeIgniter\View\{closure}()
 4 SYSTEMPATH\Common.php(1178): CodeIgniter\View\View->render('admin/detail_booking_room', [], true)
 5 APPPATH\Controllers\BokRoomController.php(37): view('admin/detail_booking_room', [...])
 6 SYSTEMPATH\CodeIgniter.php(941): App\Controllers\BokRoomController->request_detail('{$id}')
 7 SYSTEMPATH\CodeIgniter.php(502): CodeIgniter\CodeIgniter->runController(Object(App\Controllers\BokRoomController))
 8 SYSTEMPATH\CodeIgniter.php(361): CodeIgniter\CodeIgniter->handleRequest(null, Object(Config\Cache), false)
 9 FCPATH\index.php(79): CodeIgniter\CodeIgniter->run()
10 SYSTEMPATH\Commands\Server\rewrite.php(47): require_once('H:\\ACA\\K TO P\\project\\public\\index.php')
CRITICAL - 2024-02-12 02:35:34 --> ErrorException: Trying to access array offset on value of type null
in APPPATH\Views\admin\detail_booking_room.php on line 62.
 1 APPPATH\Views\admin\detail_booking_room.php(62): CodeIgniter\Debug\Exceptions->errorHandler(2, 'Trying to access array offset on value of type null', 'H:\\ACA\\K TO P\\project\\app\\Views\\admin\\detail_booking_room.php', 62)
 2 SYSTEMPATH\View\View.php(228): include('H:\\ACA\\K TO P\\project\\app\\Views\\admin\\detail_booking_room.php')
 3 SYSTEMPATH\View\View.php(231): CodeIgniter\View\View->CodeIgniter\View\{closure}()
 4 SYSTEMPATH\Common.php(1178): CodeIgniter\View\View->render('admin/detail_booking_room', [], true)
 5 APPPATH\Controllers\BokRoomController.php(37): view('admin/detail_booking_room', [...])
 6 SYSTEMPATH\CodeIgniter.php(941): App\Controllers\BokRoomController->request_detail('{$id}')
 7 SYSTEMPATH\CodeIgniter.php(502): CodeIgniter\CodeIgniter->runController(Object(App\Controllers\BokRoomController))
 8 SYSTEMPATH\CodeIgniter.php(361): CodeIgniter\CodeIgniter->handleRequest(null, Object(Config\Cache), false)
 9 FCPATH\index.php(79): CodeIgniter\CodeIgniter->run()
10 SYSTEMPATH\Commands\Server\rewrite.php(47): require_once('H:\\ACA\\K TO P\\project\\public\\index.php')
CRITICAL - 2024-02-12 02:37:26 --> ErrorException: Trying to access array offset on value of type null
in APPPATH\Views\admin\detail_booking_room.php on line 62.
 1 APPPATH\Views\admin\detail_booking_room.php(62): CodeIgniter\Debug\Exceptions->errorHandler(2, 'Trying to access array offset on value of type null', 'H:\\ACA\\K TO P\\project\\app\\Views\\admin\\detail_booking_room.php', 62)
 2 SYSTEMPATH\View\View.php(228): include('H:\\ACA\\K TO P\\project\\app\\Views\\admin\\detail_booking_room.php')
 3 SYSTEMPATH\View\View.php(231): CodeIgniter\View\View->CodeIgniter\View\{closure}()
 4 SYSTEMPATH\Common.php(1178): CodeIgniter\View\View->render('admin/detail_booking_room', [], true)
 5 APPPATH\Controllers\BokRoomController.php(37): view('admin/detail_booking_room', [...])
 6 SYSTEMPATH\CodeIgniter.php(941): App\Controllers\BokRoomController->request_detail('{$id}')
 7 SYSTEMPATH\CodeIgniter.php(502): CodeIgniter\CodeIgniter->runController(Object(App\Controllers\BokRoomController))
 8 SYSTEMPATH\CodeIgniter.php(361): CodeIgniter\CodeIgniter->handleRequest(null, Object(Config\Cache), false)
 9 FCPATH\index.php(79): CodeIgniter\CodeIgniter->run()
10 SYSTEMPATH\Commands\Server\rewrite.php(47): require_once('H:\\ACA\\K TO P\\project\\public\\index.php')
CRITICAL - 2024-02-12 02:37:28 --> ErrorException: Trying to access array offset on value of type null
in APPPATH\Views\admin\detail_booking_room.php on line 62.
 1 APPPATH\Views\admin\detail_booking_room.php(62): CodeIgniter\Debug\Exceptions->errorHandler(2, 'Trying to access array offset on value of type null', 'H:\\ACA\\K TO P\\project\\app\\Views\\admin\\detail_booking_room.php', 62)
 2 SYSTEMPATH\View\View.php(228): include('H:\\ACA\\K TO P\\project\\app\\Views\\admin\\detail_booking_room.php')
 3 SYSTEMPATH\View\View.php(231): CodeIgniter\View\View->CodeIgniter\View\{closure}()
 4 SYSTEMPATH\Common.php(1178): CodeIgniter\View\View->render('admin/detail_booking_room', [], true)
 5 APPPATH\Controllers\BokRoomController.php(37): view('admin/detail_booking_room', [...])
 6 SYSTEMPATH\CodeIgniter.php(941): App\Controllers\BokRoomController->request_detail('{$id}')
 7 SYSTEMPATH\CodeIgniter.php(502): CodeIgniter\CodeIgniter->runController(Object(App\Controllers\BokRoomController))
 8 SYSTEMPATH\CodeIgniter.php(361): CodeIgniter\CodeIgniter->handleRequest(null, Object(Config\Cache), false)
 9 FCPATH\index.php(79): CodeIgniter\CodeIgniter->run()
10 SYSTEMPATH\Commands\Server\rewrite.php(47): require_once('H:\\ACA\\K TO P\\project\\public\\index.php')
CRITICAL - 2024-02-12 02:37:29 --> ErrorException: Trying to access array offset on value of type null
in APPPATH\Views\admin\detail_booking_room.php on line 62.
 1 APPPATH\Views\admin\detail_booking_room.php(62): CodeIgniter\Debug\Exceptions->errorHandler(2, 'Trying to access array offset on value of type null', 'H:\\ACA\\K TO P\\project\\app\\Views\\admin\\detail_booking_room.php', 62)
 2 SYSTEMPATH\View\View.php(228): include('H:\\ACA\\K TO P\\project\\app\\Views\\admin\\detail_booking_room.php')
 3 SYSTEMPATH\View\View.php(231): CodeIgniter\View\View->CodeIgniter\View\{closure}()
 4 SYSTEMPATH\Common.php(1178): CodeIgniter\View\View->render('admin/detail_booking_room', [], true)
 5 APPPATH\Controllers\BokRoomController.php(37): view('admin/detail_booking_room', [...])
 6 SYSTEMPATH\CodeIgniter.php(941): App\Controllers\BokRoomController->request_detail('{$id}')
 7 SYSTEMPATH\CodeIgniter.php(502): CodeIgniter\CodeIgniter->runController(Object(App\Controllers\BokRoomController))
 8 SYSTEMPATH\CodeIgniter.php(361): CodeIgniter\CodeIgniter->handleRequest(null, Object(Config\Cache), false)
 9 FCPATH\index.php(79): CodeIgniter\CodeIgniter->run()
10 SYSTEMPATH\Commands\Server\rewrite.php(47): require_once('H:\\ACA\\K TO P\\project\\public\\index.php')
CRITICAL - 2024-02-12 02:37:29 --> ErrorException: Trying to access array offset on value of type null
in APPPATH\Views\admin\detail_booking_room.php on line 62.
 1 APPPATH\Views\admin\detail_booking_room.php(62): CodeIgniter\Debug\Exceptions->errorHandler(2, 'Trying to access array offset on value of type null', 'H:\\ACA\\K TO P\\project\\app\\Views\\admin\\detail_booking_room.php', 62)
 2 SYSTEMPATH\View\View.php(228): include('H:\\ACA\\K TO P\\project\\app\\Views\\admin\\detail_booking_room.php')
 3 SYSTEMPATH\View\View.php(231): CodeIgniter\View\View->CodeIgniter\View\{closure}()
 4 SYSTEMPATH\Common.php(1178): CodeIgniter\View\View->render('admin/detail_booking_room', [], true)
 5 APPPATH\Controllers\BokRoomController.php(37): view('admin/detail_booking_room', [...])
 6 SYSTEMPATH\CodeIgniter.php(941): App\Controllers\BokRoomController->request_detail('{$id}')
 7 SYSTEMPATH\CodeIgniter.php(502): CodeIgniter\CodeIgniter->runController(Object(App\Controllers\BokRoomController))
 8 SYSTEMPATH\CodeIgniter.php(361): CodeIgniter\CodeIgniter->handleRequest(null, Object(Config\Cache), false)
 9 FCPATH\index.php(79): CodeIgniter\CodeIgniter->run()
10 SYSTEMPATH\Commands\Server\rewrite.php(47): require_once('H:\\ACA\\K TO P\\project\\public\\index.php')
CRITICAL - 2024-02-12 02:37:34 --> ErrorException: Trying to access array offset on value of type null
in APPPATH\Views\admin\detail_booking_room.php on line 62.
 1 APPPATH\Views\admin\detail_booking_room.php(62): CodeIgniter\Debug\Exceptions->errorHandler(2, 'Trying to access array offset on value of type null', 'H:\\ACA\\K TO P\\project\\app\\Views\\admin\\detail_booking_room.php', 62)
 2 SYSTEMPATH\View\View.php(228): include('H:\\ACA\\K TO P\\project\\app\\Views\\admin\\detail_booking_room.php')
 3 SYSTEMPATH\View\View.php(231): CodeIgniter\View\View->CodeIgniter\View\{closure}()
 4 SYSTEMPATH\Common.php(1178): CodeIgniter\View\View->render('admin/detail_booking_room', [], true)
 5 APPPATH\Controllers\BokRoomController.php(37): view('admin/detail_booking_room', [...])
 6 SYSTEMPATH\CodeIgniter.php(941): App\Controllers\BokRoomController->request_detail('{$id}')
 7 SYSTEMPATH\CodeIgniter.php(502): CodeIgniter\CodeIgniter->runController(Object(App\Controllers\BokRoomController))
 8 SYSTEMPATH\CodeIgniter.php(361): CodeIgniter\CodeIgniter->handleRequest(null, Object(Config\Cache), false)
 9 FCPATH\index.php(79): CodeIgniter\CodeIgniter->run()
10 SYSTEMPATH\Commands\Server\rewrite.php(47): require_once('H:\\ACA\\K TO P\\project\\public\\index.php')
CRITICAL - 2024-02-12 02:38:04 --> ErrorException: Trying to access array offset on value of type null
in APPPATH\Views\admin\detail_booking_room.php on line 74.
 1 APPPATH\Views\admin\detail_booking_room.php(74): CodeIgniter\Debug\Exceptions->errorHandler(2, 'Trying to access array offset on value of type null', 'H:\\ACA\\K TO P\\project\\app\\Views\\admin\\detail_booking_room.php', 74)
 2 SYSTEMPATH\View\View.php(228): include('H:\\ACA\\K TO P\\project\\app\\Views\\admin\\detail_booking_room.php')
 3 SYSTEMPATH\View\View.php(231): CodeIgniter\View\View->CodeIgniter\View\{closure}()
 4 SYSTEMPATH\Common.php(1178): CodeIgniter\View\View->render('admin/detail_booking_room', [], true)
 5 APPPATH\Controllers\BokRoomController.php(37): view('admin/detail_booking_room', [...])
 6 SYSTEMPATH\CodeIgniter.php(941): App\Controllers\BokRoomController->request_detail('{$id}')
 7 SYSTEMPATH\CodeIgniter.php(502): CodeIgniter\CodeIgniter->runController(Object(App\Controllers\BokRoomController))
 8 SYSTEMPATH\CodeIgniter.php(361): CodeIgniter\CodeIgniter->handleRequest(null, Object(Config\Cache), false)
 9 FCPATH\index.php(79): CodeIgniter\CodeIgniter->run()
10 SYSTEMPATH\Commands\Server\rewrite.php(47): require_once('H:\\ACA\\K TO P\\project\\public\\index.php')
CRITICAL - 2024-02-12 02:38:06 --> ErrorException: Trying to access array offset on value of type null
in APPPATH\Views\admin\detail_booking_room.php on line 74.
 1 APPPATH\Views\admin\detail_booking_room.php(74): CodeIgniter\Debug\Exceptions->errorHandler(2, 'Trying to access array offset on value of type null', 'H:\\ACA\\K TO P\\project\\app\\Views\\admin\\detail_booking_room.php', 74)
 2 SYSTEMPATH\View\View.php(228): include('H:\\ACA\\K TO P\\project\\app\\Views\\admin\\detail_booking_room.php')
 3 SYSTEMPATH\View\View.php(231): CodeIgniter\View\View->CodeIgniter\View\{closure}()
 4 SYSTEMPATH\Common.php(1178): CodeIgniter\View\View->render('admin/detail_booking_room', [], true)
 5 APPPATH\Controllers\BokRoomController.php(37): view('admin/detail_booking_room', [...])
 6 SYSTEMPATH\CodeIgniter.php(941): App\Controllers\BokRoomController->request_detail('{$id}')
 7 SYSTEMPATH\CodeIgniter.php(502): CodeIgniter\CodeIgniter->runController(Object(App\Controllers\BokRoomController))
 8 SYSTEMPATH\CodeIgniter.php(361): CodeIgniter\CodeIgniter->handleRequest(null, Object(Config\Cache), false)
 9 FCPATH\index.php(79): CodeIgniter\CodeIgniter->run()
10 SYSTEMPATH\Commands\Server\rewrite.php(47): require_once('H:\\ACA\\K TO P\\project\\public\\index.php')
CRITICAL - 2024-02-12 02:38:07 --> ErrorException: Trying to access array offset on value of type null
in APPPATH\Views\admin\detail_booking_room.php on line 74.
 1 APPPATH\Views\admin\detail_booking_room.php(74): CodeIgniter\Debug\Exceptions->errorHandler(2, 'Trying to access array offset on value of type null', 'H:\\ACA\\K TO P\\project\\app\\Views\\admin\\detail_booking_room.php', 74)
 2 SYSTEMPATH\View\View.php(228): include('H:\\ACA\\K TO P\\project\\app\\Views\\admin\\detail_booking_room.php')
 3 SYSTEMPATH\View\View.php(231): CodeIgniter\View\View->CodeIgniter\View\{closure}()
 4 SYSTEMPATH\Common.php(1178): CodeIgniter\View\View->render('admin/detail_booking_room', [], true)
 5 APPPATH\Controllers\BokRoomController.php(37): view('admin/detail_booking_room', [...])
 6 SYSTEMPATH\CodeIgniter.php(941): App\Controllers\BokRoomController->request_detail('{$id}')
 7 SYSTEMPATH\CodeIgniter.php(502): CodeIgniter\CodeIgniter->runController(Object(App\Controllers\BokRoomController))
 8 SYSTEMPATH\CodeIgniter.php(361): CodeIgniter\CodeIgniter->handleRequest(null, Object(Config\Cache), false)
 9 FCPATH\index.php(79): CodeIgniter\CodeIgniter->run()
10 SYSTEMPATH\Commands\Server\rewrite.php(47): require_once('H:\\ACA\\K TO P\\project\\public\\index.php')
CRITICAL - 2024-02-12 02:44:07 --> ErrorException: Trying to access array offset on value of type null
in APPPATH\Views\admin\detail_booking_room.php on line 62.
 1 APPPATH\Views\admin\detail_booking_room.php(62): CodeIgniter\Debug\Exceptions->errorHandler(2, 'Trying to access array offset on value of type null', 'H:\\ACA\\K TO P\\project\\app\\Views\\admin\\detail_booking_room.php', 62)
 2 SYSTEMPATH\View\View.php(228): include('H:\\ACA\\K TO P\\project\\app\\Views\\admin\\detail_booking_room.php')
 3 SYSTEMPATH\View\View.php(231): CodeIgniter\View\View->CodeIgniter\View\{closure}()
 4 SYSTEMPATH\Common.php(1178): CodeIgniter\View\View->render('admin/detail_booking_room', [], true)
 5 APPPATH\Controllers\BokRoomController.php(37): view('admin/detail_booking_room', [...])
 6 SYSTEMPATH\CodeIgniter.php(941): App\Controllers\BokRoomController->request_detail('{$id}')
 7 SYSTEMPATH\CodeIgniter.php(502): CodeIgniter\CodeIgniter->runController(Object(App\Controllers\BokRoomController))
 8 SYSTEMPATH\CodeIgniter.php(361): CodeIgniter\CodeIgniter->handleRequest(null, Object(Config\Cache), false)
 9 FCPATH\index.php(79): CodeIgniter\CodeIgniter->run()
10 SYSTEMPATH\Commands\Server\rewrite.php(47): require_once('H:\\ACA\\K TO P\\project\\public\\index.php')
CRITICAL - 2024-02-12 02:45:25 --> ErrorException: Trying to access array offset on value of type null
in APPPATH\Views\admin\detail_booking_room.php on line 62.
 1 APPPATH\Views\admin\detail_booking_room.php(62): CodeIgniter\Debug\Exceptions->errorHandler(2, 'Trying to access array offset on value of type null', 'H:\\ACA\\K TO P\\project\\app\\Views\\admin\\detail_booking_room.php', 62)
 2 SYSTEMPATH\View\View.php(228): include('H:\\ACA\\K TO P\\project\\app\\Views\\admin\\detail_booking_room.php')
 3 SYSTEMPATH\View\View.php(231): CodeIgniter\View\View->CodeIgniter\View\{closure}()
 4 SYSTEMPATH\Common.php(1178): CodeIgniter\View\View->render('admin/detail_booking_room', [], true)
 5 APPPATH\Controllers\BokRoomController.php(37): view('admin/detail_booking_room', [...])
 6 SYSTEMPATH\CodeIgniter.php(941): App\Controllers\BokRoomController->request_detail('{$id}')
 7 SYSTEMPATH\CodeIgniter.php(502): CodeIgniter\CodeIgniter->runController(Object(App\Controllers\BokRoomController))
 8 SYSTEMPATH\CodeIgniter.php(361): CodeIgniter\CodeIgniter->handleRequest(null, Object(Config\Cache), false)
 9 FCPATH\index.php(79): CodeIgniter\CodeIgniter->run()
10 SYSTEMPATH\Commands\Server\rewrite.php(47): require_once('H:\\ACA\\K TO P\\project\\public\\index.php')
CRITICAL - 2024-02-12 02:46:50 --> ErrorException: Trying to access array offset on value of type null
in APPPATH\Views\admin\detail_booking_room.php on line 62.
 1 APPPATH\Views\admin\detail_booking_room.php(62): CodeIgniter\Debug\Exceptions->errorHandler(2, 'Trying to access array offset on value of type null', 'H:\\ACA\\K TO P\\project\\app\\Views\\admin\\detail_booking_room.php', 62)
 2 SYSTEMPATH\View\View.php(228): include('H:\\ACA\\K TO P\\project\\app\\Views\\admin\\detail_booking_room.php')
 3 SYSTEMPATH\View\View.php(231): CodeIgniter\View\View->CodeIgniter\View\{closure}()
 4 SYSTEMPATH\Common.php(1178): CodeIgniter\View\View->render('admin/detail_booking_room', [], true)
 5 APPPATH\Controllers\BokRoomController.php(37): view('admin/detail_booking_room', [...])
 6 SYSTEMPATH\CodeIgniter.php(941): App\Controllers\BokRoomController->request_detail('{$id}')
 7 SYSTEMPATH\CodeIgniter.php(502): CodeIgniter\CodeIgniter->runController(Object(App\Controllers\BokRoomController))
 8 SYSTEMPATH\CodeIgniter.php(361): CodeIgniter\CodeIgniter->handleRequest(null, Object(Config\Cache), false)
 9 FCPATH\index.php(79): CodeIgniter\CodeIgniter->run()
10 SYSTEMPATH\Commands\Server\rewrite.php(47): require_once('H:\\ACA\\K TO P\\project\\public\\index.php')
CRITICAL - 2024-02-12 02:49:57 --> ErrorException: Trying to access array offset on value of type null
in APPPATH\Views\admin\detail_booking_room.php on line 62.
 1 APPPATH\Views\admin\detail_booking_room.php(62): CodeIgniter\Debug\Exceptions->errorHandler(2, 'Trying to access array offset on value of type null', 'H:\\ACA\\K TO P\\project\\app\\Views\\admin\\detail_booking_room.php', 62)
 2 SYSTEMPATH\View\View.php(228): include('H:\\ACA\\K TO P\\project\\app\\Views\\admin\\detail_booking_room.php')
 3 SYSTEMPATH\View\View.php(231): CodeIgniter\View\View->CodeIgniter\View\{closure}()
 4 SYSTEMPATH\Common.php(1178): CodeIgniter\View\View->render('admin/detail_booking_room', [], true)
 5 APPPATH\Controllers\BokRoomController.php(37): view('admin/detail_booking_room', [...])
 6 SYSTEMPATH\CodeIgniter.php(941): App\Controllers\BokRoomController->request_detail('BookingRequest')
 7 SYSTEMPATH\CodeIgniter.php(502): CodeIgniter\CodeIgniter->runController(Object(App\Controllers\BokRoomController))
 8 SYSTEMPATH\CodeIgniter.php(361): CodeIgniter\CodeIgniter->handleRequest(null, Object(Config\Cache), false)
 9 FCPATH\index.php(79): CodeIgniter\CodeIgniter->run()
10 SYSTEMPATH\Commands\Server\rewrite.php(47): require_once('H:\\ACA\\K TO P\\project\\public\\index.php')
CRITICAL - 2024-02-12 02:50:00 --> ErrorException: Trying to access array offset on value of type null
in APPPATH\Views\admin\detail_booking_room.php on line 62.
 1 APPPATH\Views\admin\detail_booking_room.php(62): CodeIgniter\Debug\Exceptions->errorHandler(2, 'Trying to access array offset on value of type null', 'H:\\ACA\\K TO P\\project\\app\\Views\\admin\\detail_booking_room.php', 62)
 2 SYSTEMPATH\View\View.php(228): include('H:\\ACA\\K TO P\\project\\app\\Views\\admin\\detail_booking_room.php')
 3 SYSTEMPATH\View\View.php(231): CodeIgniter\View\View->CodeIgniter\View\{closure}()
 4 SYSTEMPATH\Common.php(1178): CodeIgniter\View\View->render('admin/detail_booking_room', [], true)
 5 APPPATH\Controllers\BokRoomController.php(37): view('admin/detail_booking_room', [...])
 6 SYSTEMPATH\CodeIgniter.php(941): App\Controllers\BokRoomController->request_detail('dashboard_admin')
 7 SYSTEMPATH\CodeIgniter.php(502): CodeIgniter\CodeIgniter->runController(Object(App\Controllers\BokRoomController))
 8 SYSTEMPATH\CodeIgniter.php(361): CodeIgniter\CodeIgniter->handleRequest(null, Object(Config\Cache), false)
 9 FCPATH\index.php(79): CodeIgniter\CodeIgniter->run()
10 SYSTEMPATH\Commands\Server\rewrite.php(47): require_once('H:\\ACA\\K TO P\\project\\public\\index.php')
CRITICAL - 2024-02-12 02:50:02 --> ErrorException: Trying to access array offset on value of type null
in APPPATH\Views\admin\detail_booking_room.php on line 62.
 1 APPPATH\Views\admin\detail_booking_room.php(62): CodeIgniter\Debug\Exceptions->errorHandler(2, 'Trying to access array offset on value of type null', 'H:\\ACA\\K TO P\\project\\app\\Views\\admin\\detail_booking_room.php', 62)
 2 SYSTEMPATH\View\View.php(228): include('H:\\ACA\\K TO P\\project\\app\\Views\\admin\\detail_booking_room.php')
 3 SYSTEMPATH\View\View.php(231): CodeIgniter\View\View->CodeIgniter\View\{closure}()
 4 SYSTEMPATH\Common.php(1178): CodeIgniter\View\View->render('admin/detail_booking_room', [], true)
 5 APPPATH\Controllers\BokRoomController.php(37): view('admin/detail_booking_room', [...])
 6 SYSTEMPATH\CodeIgniter.php(941): App\Controllers\BokRoomController->request_detail('dashboard_admin')
 7 SYSTEMPATH\CodeIgniter.php(502): CodeIgniter\CodeIgniter->runController(Object(App\Controllers\BokRoomController))
 8 SYSTEMPATH\CodeIgniter.php(361): CodeIgniter\CodeIgniter->handleRequest(null, Object(Config\Cache), false)
 9 FCPATH\index.php(79): CodeIgniter\CodeIgniter->run()
10 SYSTEMPATH\Commands\Server\rewrite.php(47): require_once('H:\\ACA\\K TO P\\project\\public\\index.php')
CRITICAL - 2024-02-12 02:50:06 --> ErrorException: Trying to access array offset on value of type null
in APPPATH\Views\admin\detail_booking_room.php on line 62.
 1 APPPATH\Views\admin\detail_booking_room.php(62): CodeIgniter\Debug\Exceptions->errorHandler(2, 'Trying to access array offset on value of type null', 'H:\\ACA\\K TO P\\project\\app\\Views\\admin\\detail_booking_room.php', 62)
 2 SYSTEMPATH\View\View.php(228): include('H:\\ACA\\K TO P\\project\\app\\Views\\admin\\detail_booking_room.php')
 3 SYSTEMPATH\View\View.php(231): CodeIgniter\View\View->CodeIgniter\View\{closure}()
 4 SYSTEMPATH\Common.php(1178): CodeIgniter\View\View->render('admin/detail_booking_room', [], true)
 5 APPPATH\Controllers\BokRoomController.php(37): view('admin/detail_booking_room', [...])
 6 SYSTEMPATH\CodeIgniter.php(941): App\Controllers\BokRoomController->request_detail('dashboard_admin')
 7 SYSTEMPATH\CodeIgniter.php(502): CodeIgniter\CodeIgniter->runController(Object(App\Controllers\BokRoomController))
 8 SYSTEMPATH\CodeIgniter.php(361): CodeIgniter\CodeIgniter->handleRequest(null, Object(Config\Cache), false)
 9 FCPATH\index.php(79): CodeIgniter\CodeIgniter->run()
10 SYSTEMPATH\Commands\Server\rewrite.php(47): require_once('H:\\ACA\\K TO P\\project\\public\\index.php')
CRITICAL - 2024-02-12 02:50:09 --> ErrorException: Trying to access array offset on value of type null
in APPPATH\Views\admin\detail_booking_room.php on line 62.
 1 APPPATH\Views\admin\detail_booking_room.php(62): CodeIgniter\Debug\Exceptions->errorHandler(2, 'Trying to access array offset on value of type null', 'H:\\ACA\\K TO P\\project\\app\\Views\\admin\\detail_booking_room.php', 62)
 2 SYSTEMPATH\View\View.php(228): include('H:\\ACA\\K TO P\\project\\app\\Views\\admin\\detail_booking_room.php')
 3 SYSTEMPATH\View\View.php(231): CodeIgniter\View\View->CodeIgniter\View\{closure}()
 4 SYSTEMPATH\Common.php(1178): CodeIgniter\View\View->render('admin/detail_booking_room', [], true)
 5 APPPATH\Controllers\BokRoomController.php(37): view('admin/detail_booking_room', [...])
 6 SYSTEMPATH\CodeIgniter.php(941): App\Controllers\BokRoomController->request_detail('History')
 7 SYSTEMPATH\CodeIgniter.php(502): CodeIgniter\CodeIgniter->runController(Object(App\Controllers\BokRoomController))
 8 SYSTEMPATH\CodeIgniter.php(361): CodeIgniter\CodeIgniter->handleRequest(null, Object(Config\Cache), false)
 9 FCPATH\index.php(79): CodeIgniter\CodeIgniter->run()
10 SYSTEMPATH\Commands\Server\rewrite.php(47): require_once('H:\\ACA\\K TO P\\project\\public\\index.php')
CRITICAL - 2024-02-12 02:50:11 --> ErrorException: Trying to access array offset on value of type null
in APPPATH\Views\admin\detail_booking_room.php on line 62.
 1 APPPATH\Views\admin\detail_booking_room.php(62): CodeIgniter\Debug\Exceptions->errorHandler(2, 'Trying to access array offset on value of type null', 'H:\\ACA\\K TO P\\project\\app\\Views\\admin\\detail_booking_room.php', 62)
 2 SYSTEMPATH\View\View.php(228): include('H:\\ACA\\K TO P\\project\\app\\Views\\admin\\detail_booking_room.php')
 3 SYSTEMPATH\View\View.php(231): CodeIgniter\View\View->CodeIgniter\View\{closure}()
 4 SYSTEMPATH\Common.php(1178): CodeIgniter\View\View->render('admin/detail_booking_room', [], true)
 5 APPPATH\Controllers\BokRoomController.php(37): view('admin/detail_booking_room', [...])
 6 SYSTEMPATH\CodeIgniter.php(941): App\Controllers\BokRoomController->request_detail('History')
 7 SYSTEMPATH\CodeIgniter.php(502): CodeIgniter\CodeIgniter->runController(Object(App\Controllers\BokRoomController))
 8 SYSTEMPATH\CodeIgniter.php(361): CodeIgniter\CodeIgniter->handleRequest(null, Object(Config\Cache), false)
 9 FCPATH\index.php(79): CodeIgniter\CodeIgniter->run()
10 SYSTEMPATH\Commands\Server\rewrite.php(47): require_once('H:\\ACA\\K TO P\\project\\public\\index.php')
CRITICAL - 2024-02-12 02:50:24 --> ErrorException: Trying to access array offset on value of type null
in APPPATH\Views\admin\detail_booking_room.php on line 62.
 1 APPPATH\Views\admin\detail_booking_room.php(62): CodeIgniter\Debug\Exceptions->errorHandler(2, 'Trying to access array offset on value of type null', 'H:\\ACA\\K TO P\\project\\app\\Views\\admin\\detail_booking_room.php', 62)
 2 SYSTEMPATH\View\View.php(228): include('H:\\ACA\\K TO P\\project\\app\\Views\\admin\\detail_booking_room.php')
 3 SYSTEMPATH\View\View.php(231): CodeIgniter\View\View->CodeIgniter\View\{closure}()
 4 SYSTEMPATH\Common.php(1178): CodeIgniter\View\View->render('admin/detail_booking_room', [], true)
 5 APPPATH\Controllers\BokRoomController.php(37): view('admin/detail_booking_room', [...])
 6 SYSTEMPATH\CodeIgniter.php(941): App\Controllers\BokRoomController->request_detail('History')
 7 SYSTEMPATH\CodeIgniter.php(502): CodeIgniter\CodeIgniter->runController(Object(App\Controllers\BokRoomController))
 8 SYSTEMPATH\CodeIgniter.php(361): CodeIgniter\CodeIgniter->handleRequest(null, Object(Config\Cache), false)
 9 FCPATH\index.php(79): CodeIgniter\CodeIgniter->run()
10 SYSTEMPATH\Commands\Server\rewrite.php(47): require_once('H:\\ACA\\K TO P\\project\\public\\index.php')
INFO - 2024-02-12 02:50:28 --> Session: Class initialized using 'CodeIgniter\Session\Handlers\FileHandler' driver.
CRITICAL - 2024-02-12 02:50:30 --> ErrorException: Trying to access array offset on value of type null
in APPPATH\Views\admin\detail_booking_driver.php on line 62.
 1 APPPATH\Views\admin\detail_booking_driver.php(62): CodeIgniter\Debug\Exceptions->errorHandler(2, 'Trying to access array offset on value of type null', 'H:\\ACA\\K TO P\\project\\app\\Views\\admin\\detail_booking_driver.php', 62)
 2 SYSTEMPATH\View\View.php(228): include('H:\\ACA\\K TO P\\project\\app\\Views\\admin\\detail_booking_driver.php')
 3 SYSTEMPATH\View\View.php(231): CodeIgniter\View\View->CodeIgniter\View\{closure}()
 4 SYSTEMPATH\Common.php(1178): CodeIgniter\View\View->render('admin/detail_booking_driver', [], true)
 5 APPPATH\Controllers\BokDriver.php(42): view('admin/detail_booking_driver', [...])
 6 SYSTEMPATH\CodeIgniter.php(941): App\Controllers\BokDriver->detail_booking_driver('dashboard_admin')
 7 SYSTEMPATH\CodeIgniter.php(502): CodeIgniter\CodeIgniter->runController(Object(App\Controllers\BokDriver))
 8 SYSTEMPATH\CodeIgniter.php(361): CodeIgniter\CodeIgniter->handleRequest(null, Object(Config\Cache), false)
 9 FCPATH\index.php(79): CodeIgniter\CodeIgniter->run()
10 SYSTEMPATH\Commands\Server\rewrite.php(47): require_once('H:\\ACA\\K TO P\\project\\public\\index.php')
CRITICAL - 2024-02-12 02:50:55 --> ErrorException: Trying to access array offset on value of type null
in APPPATH\Views\admin\detail_booking_driver.php on line 62.
 1 APPPATH\Views\admin\detail_booking_driver.php(62): CodeIgniter\Debug\Exceptions->errorHandler(2, 'Trying to access array offset on value of type null', 'H:\\ACA\\K TO P\\project\\app\\Views\\admin\\detail_booking_driver.php', 62)
 2 SYSTEMPATH\View\View.php(228): include('H:\\ACA\\K TO P\\project\\app\\Views\\admin\\detail_booking_driver.php')
 3 SYSTEMPATH\View\View.php(231): CodeIgniter\View\View->CodeIgniter\View\{closure}()
 4 SYSTEMPATH\Common.php(1178): CodeIgniter\View\View->render('admin/detail_booking_driver', [], true)
 5 APPPATH\Controllers\BokDriver.php(42): view('admin/detail_booking_driver', [...])
 6 SYSTEMPATH\CodeIgniter.php(941): App\Controllers\BokDriver->detail_booking_driver('dashboard_admin')
 7 SYSTEMPATH\CodeIgniter.php(502): CodeIgniter\CodeIgniter->runController(Object(App\Controllers\BokDriver))
 8 SYSTEMPATH\CodeIgniter.php(361): CodeIgniter\CodeIgniter->handleRequest(null, Object(Config\Cache), false)
 9 FCPATH\index.php(79): CodeIgniter\CodeIgniter->run()
10 SYSTEMPATH\Commands\Server\rewrite.php(47): require_once('H:\\ACA\\K TO P\\project\\public\\index.php')
INFO - 2024-02-12 02:51:02 --> Session: Class initialized using 'CodeIgniter\Session\Handlers\FileHandler' driver.
INFO - 2024-02-12 02:51:02 --> Session: Class initialized using 'CodeIgniter\Session\Handlers\FileHandler' driver.
INFO - 2024-02-12 02:51:35 --> Session: Class initialized using 'CodeIgniter\Session\Handlers\FileHandler' driver.
CRITICAL - 2024-02-12 02:51:37 --> ErrorException: Trying to access array offset on value of type null
in APPPATH\Views\admin\detail_booking_driver.php on line 62.
 1 APPPATH\Views\admin\detail_booking_driver.php(62): CodeIgniter\Debug\Exceptions->errorHandler(2, 'Trying to access array offset on value of type null', 'H:\\ACA\\K TO P\\project\\app\\Views\\admin\\detail_booking_driver.php', 62)
 2 SYSTEMPATH\View\View.php(228): include('H:\\ACA\\K TO P\\project\\app\\Views\\admin\\detail_booking_driver.php')
 3 SYSTEMPATH\View\View.php(231): CodeIgniter\View\View->CodeIgniter\View\{closure}()
 4 SYSTEMPATH\Common.php(1178): CodeIgniter\View\View->render('admin/detail_booking_driver', [], true)
 5 APPPATH\Controllers\BokDriver.php(42): view('admin/detail_booking_driver', [...])
 6 SYSTEMPATH\CodeIgniter.php(941): App\Controllers\BokDriver->detail_booking_driver('dashboard_admin')
 7 SYSTEMPATH\CodeIgniter.php(502): CodeIgniter\CodeIgniter->runController(Object(App\Controllers\BokDriver))
 8 SYSTEMPATH\CodeIgniter.php(361): CodeIgniter\CodeIgniter->handleRequest(null, Object(Config\Cache), false)
 9 FCPATH\index.php(79): CodeIgniter\CodeIgniter->run()
10 SYSTEMPATH\Commands\Server\rewrite.php(47): require_once('H:\\ACA\\K TO P\\project\\public\\index.php')
INFO - 2024-02-12 02:51:48 --> Session: Class initialized using 'CodeIgniter\Session\Handlers\FileHandler' driver.
INFO - 2024-02-12 02:52:06 --> Session: Class initialized using 'CodeIgniter\Session\Handlers\FileHandler' driver.
INFO - 2024-02-12 02:52:13 --> Session: Class initialized using 'CodeIgniter\Session\Handlers\FileHandler' driver.
INFO - 2024-02-12 02:52:38 --> Session: Class initialized using 'CodeIgniter\Session\Handlers\FileHandler' driver.
INFO - 2024-02-12 02:53:05 --> Session: Class initialized using 'CodeIgniter\Session\Handlers\FileHandler' driver.
CRITICAL - 2024-02-12 02:53:14 --> ErrorException: Trying to access array offset on value of type null
in APPPATH\Views\admin\detail_booking_driver.php on line 62.
 1 APPPATH\Views\admin\detail_booking_driver.php(62): CodeIgniter\Debug\Exceptions->errorHandler(2, 'Trying to access array offset on value of type null', 'H:\\ACA\\K TO P\\project\\app\\Views\\admin\\detail_booking_driver.php', 62)
 2 SYSTEMPATH\View\View.php(228): include('H:\\ACA\\K TO P\\project\\app\\Views\\admin\\detail_booking_driver.php')
 3 SYSTEMPATH\View\View.php(231): CodeIgniter\View\View->CodeIgniter\View\{closure}()
 4 SYSTEMPATH\Common.php(1178): CodeIgniter\View\View->render('admin/detail_booking_driver', [], true)
 5 APPPATH\Controllers\BokDriver.php(42): view('admin/detail_booking_driver', [...])
 6 SYSTEMPATH\CodeIgniter.php(941): App\Controllers\BokDriver->detail_booking_driver('User')
 7 SYSTEMPATH\CodeIgniter.php(502): CodeIgniter\CodeIgniter->runController(Object(App\Controllers\BokDriver))
 8 SYSTEMPATH\CodeIgniter.php(361): CodeIgniter\CodeIgniter->handleRequest(null, Object(Config\Cache), false)
 9 FCPATH\index.php(79): CodeIgniter\CodeIgniter->run()
10 SYSTEMPATH\Commands\Server\rewrite.php(47): require_once('H:\\ACA\\K TO P\\project\\public\\index.php')
INFO - 2024-02-12 02:53:18 --> Session: Class initialized using 'CodeIgniter\Session\Handlers\FileHandler' driver.
CRITICAL - 2024-02-12 02:53:39 --> ErrorException: Trying to access array offset on value of type null
in APPPATH\Views\admin\detail_booking_room.php on line 62.
 1 APPPATH\Views\admin\detail_booking_room.php(62): CodeIgniter\Debug\Exceptions->errorHandler(2, 'Trying to access array offset on value of type null', 'H:\\ACA\\K TO P\\project\\app\\Views\\admin\\detail_booking_room.php', 62)
 2 SYSTEMPATH\View\View.php(228): include('H:\\ACA\\K TO P\\project\\app\\Views\\admin\\detail_booking_room.php')
 3 SYSTEMPATH\View\View.php(231): CodeIgniter\View\View->CodeIgniter\View\{closure}()
 4 SYSTEMPATH\Common.php(1178): CodeIgniter\View\View->render('admin/detail_booking_room', [], true)
 5 APPPATH\Controllers\BokRoomController.php(37): view('admin/detail_booking_room', [...])
 6 SYSTEMPATH\CodeIgniter.php(941): App\Controllers\BokRoomController->request_detail('{$id}')
 7 SYSTEMPATH\CodeIgniter.php(502): CodeIgniter\CodeIgniter->runController(Object(App\Controllers\BokRoomController))
 8 SYSTEMPATH\CodeIgniter.php(361): CodeIgniter\CodeIgniter->handleRequest(null, Object(Config\Cache), false)
 9 FCPATH\index.php(79): CodeIgniter\CodeIgniter->run()
10 SYSTEMPATH\Commands\Server\rewrite.php(47): require_once('H:\\ACA\\K TO P\\project\\public\\index.php')
INFO - 2024-02-12 02:54:03 --> Session: Class initialized using 'CodeIgniter\Session\Handlers\FileHandler' driver.
INFO - 2024-02-12 02:54:05 --> Session: Class initialized using 'CodeIgniter\Session\Handlers\FileHandler' driver.
INFO - 2024-02-12 02:54:05 --> Session: Class initialized using 'CodeIgniter\Session\Handlers\FileHandler' driver.
INFO - 2024-02-12 02:54:13 --> Session: Class initialized using 'CodeIgniter\Session\Handlers\FileHandler' driver.
CRITICAL - 2024-02-12 02:55:03 --> ErrorException: Trying to access array offset on value of type null
in APPPATH\Views\admin\detail_booking_room.php on line 62.
 1 APPPATH\Views\admin\detail_booking_room.php(62): CodeIgniter\Debug\Exceptions->errorHandler(2, 'Trying to access array offset on value of type null', 'H:\\ACA\\K TO P\\project\\app\\Views\\admin\\detail_booking_room.php', 62)
 2 SYSTEMPATH\View\View.php(228): include('H:\\ACA\\K TO P\\project\\app\\Views\\admin\\detail_booking_room.php')
 3 SYSTEMPATH\View\View.php(231): CodeIgniter\View\View->CodeIgniter\View\{closure}()
 4 SYSTEMPATH\Common.php(1178): CodeIgniter\View\View->render('admin/detail_booking_room', [], true)
 5 APPPATH\Controllers\BokRoomController.php(37): view('admin/detail_booking_room', [...])
 6 SYSTEMPATH\CodeIgniter.php(941): App\Controllers\BokRoomController->request_detail('{$id}')
 7 SYSTEMPATH\CodeIgniter.php(502): CodeIgniter\CodeIgniter->runController(Object(App\Controllers\BokRoomController))
 8 SYSTEMPATH\CodeIgniter.php(361): CodeIgniter\CodeIgniter->handleRequest(null, Object(Config\Cache), false)
 9 FCPATH\index.php(79): CodeIgniter\CodeIgniter->run()
10 SYSTEMPATH\Commands\Server\rewrite.php(47): require_once('H:\\ACA\\K TO P\\project\\public\\index.php')
CRITICAL - 2024-02-12 02:58:22 --> ErrorException: Trying to access array offset on value of type null
in APPPATH\Views\admin\detail_booking_room.php on line 62.
 1 APPPATH\Views\admin\detail_booking_room.php(62): CodeIgniter\Debug\Exceptions->errorHandler(2, 'Trying to access array offset on value of type null', 'H:\\ACA\\K TO P\\project\\app\\Views\\admin\\detail_booking_room.php', 62)
 2 SYSTEMPATH\View\View.php(228): include('H:\\ACA\\K TO P\\project\\app\\Views\\admin\\detail_booking_room.php')
 3 SYSTEMPATH\View\View.php(231): CodeIgniter\View\View->CodeIgniter\View\{closure}()
 4 SYSTEMPATH\Common.php(1178): CodeIgniter\View\View->render('admin/detail_booking_room', [], true)
 5 APPPATH\Controllers\BokRoomController.php(37): view('admin/detail_booking_room', [...])
 6 SYSTEMPATH\CodeIgniter.php(941): App\Controllers\BokRoomController->request_detail('{$id}')
 7 SYSTEMPATH\CodeIgniter.php(502): CodeIgniter\CodeIgniter->runController(Object(App\Controllers\BokRoomController))
 8 SYSTEMPATH\CodeIgniter.php(361): CodeIgniter\CodeIgniter->handleRequest(null, Object(Config\Cache), false)
 9 FCPATH\index.php(79): CodeIgniter\CodeIgniter->run()
10 SYSTEMPATH\Commands\Server\rewrite.php(47): require_once('H:\\ACA\\K TO P\\project\\public\\index.php')
CRITICAL - 2024-02-12 02:58:51 --> ErrorException: Trying to access array offset on value of type null
in APPPATH\Views\admin\detail_booking_room.php on line 62.
 1 APPPATH\Views\admin\detail_booking_room.php(62): CodeIgniter\Debug\Exceptions->errorHandler(2, 'Trying to access array offset on value of type null', 'H:\\ACA\\K TO P\\project\\app\\Views\\admin\\detail_booking_room.php', 62)
 2 SYSTEMPATH\View\View.php(228): include('H:\\ACA\\K TO P\\project\\app\\Views\\admin\\detail_booking_room.php')
 3 SYSTEMPATH\View\View.php(231): CodeIgniter\View\View->CodeIgniter\View\{closure}()
 4 SYSTEMPATH\Common.php(1178): CodeIgniter\View\View->render('admin/detail_booking_room', [], true)
 5 APPPATH\Controllers\BokRoomController.php(37): view('admin/detail_booking_room', [...])
 6 SYSTEMPATH\CodeIgniter.php(941): App\Controllers\BokRoomController->request_detail('{$id}')
 7 SYSTEMPATH\CodeIgniter.php(502): CodeIgniter\CodeIgniter->runController(Object(App\Controllers\BokRoomController))
 8 SYSTEMPATH\CodeIgniter.php(361): CodeIgniter\CodeIgniter->handleRequest(null, Object(Config\Cache), false)
 9 FCPATH\index.php(79): CodeIgniter\CodeIgniter->run()
10 SYSTEMPATH\Commands\Server\rewrite.php(47): require_once('H:\\ACA\\K TO P\\project\\public\\index.php')
INFO - 2024-02-12 03:00:11 --> Session: Class initialized using 'CodeIgniter\Session\Handlers\FileHandler' driver.
CRITICAL - 2024-02-12 03:10:33 --> ParseError: Unclosed '(' on line 63
in APPPATH\Controllers\BokRoomController.php on line 64.
 1 SYSTEMPATH\Autoloader\Autoloader.php(288): CodeIgniter\Autoloader\Autoloader->includeFile('H:\\ACA\\K TO P\\project\\app\\Controllers\\BokRoomController.php')
 2 SYSTEMPATH\Autoloader\Autoloader.php(266): CodeIgniter\Autoloader\Autoloader->loadInNamespace('App\\Controllers\\BokRoomController')
 3 [internal function]: CodeIgniter\Autoloader\Autoloader->loadClass('App\\Controllers\\BokRoomController')
 4 SYSTEMPATH\CodeIgniter.php(899): class_exists('\\App\\Controllers\\BokRoomController', true)
 5 SYSTEMPATH\CodeIgniter.php(489): CodeIgniter\CodeIgniter->startController()
 6 SYSTEMPATH\CodeIgniter.php(361): CodeIgniter\CodeIgniter->handleRequest(null, Object(Config\Cache), false)
 7 FCPATH\index.php(79): CodeIgniter\CodeIgniter->run()
 8 SYSTEMPATH\Commands\Server\rewrite.php(47): require_once('H:\\ACA\\K TO P\\project\\public\\index.php')
CRITICAL - 2024-02-12 03:10:59 --> ArgumentCountError: Too few arguments to function App\Controllers\BokRoomController::__construct(), 0 passed in H:\ACA\K TO P\project\system\CodeIgniter.php on line 913 and exactly 2 expected
in APPPATH\Controllers\BokRoomController.php on line 15.
 1 SYSTEMPATH\CodeIgniter.php(913): App\Controllers\BokRoomController->__construct()
 2 SYSTEMPATH\CodeIgniter.php(493): CodeIgniter\CodeIgniter->createController()
 3 SYSTEMPATH\CodeIgniter.php(361): CodeIgniter\CodeIgniter->handleRequest(null, Object(Config\Cache), false)
 4 FCPATH\index.php(79): CodeIgniter\CodeIgniter->run()
 5 SYSTEMPATH\Commands\Server\rewrite.php(47): require_once('H:\\ACA\\K TO P\\project\\public\\index.php')
